2023-12-06T10:35:13.584Z 0: 

----------------------------------------------
2023-12-06T10:35:13.630Z 1: Discord starting: {"releaseChannel":"stable","version":"0.0.37"}, modulepath: /home/koen/.config/discord/0.0.37/modules
2023-12-06T10:35:13.643Z 2: ✅ webContents.created web1 ""
2023-12-06T10:35:13.658Z 3: ✅ window.created win1 "discord"
2023-12-06T10:35:14.318Z 4: ✅ webContents.did-finish-load web1
2023-12-06T10:35:22.098Z 5: ✅ webContents.created web2 ""
2023-12-06T10:35:22.135Z 6: ✅ window.created win2 "Discord"
2023-12-06T10:35:27.416Z 7: ✅ webContents.did-finish-load web2
2023-12-06T10:35:27.520Z 8: window.close win1
2023-12-06T10:35:27.754Z 9: webContents.destroyed web1
2023-12-06T10:35:27.829Z 10: window.closed win1
2023-12-06T11:09:59.492Z 11: before-quit
2023-12-06T11:09:59.568Z 12: window.close win2
2023-12-08T12:18:36.002Z 0: 

----------------------------------------------
2023-12-08T12:18:36.064Z 1: Discord starting: {"releaseChannel":"stable","version":"0.0.37"}, modulepath: /home/koen/.config/discord/0.0.37/modules
2023-12-08T12:18:36.123Z 2: ✅ webContents.created web1 ""
2023-12-08T12:18:36.133Z 3: ✅ window.created win1 "discord"
2023-12-08T12:18:36.564Z 4: ✅ webContents.did-finish-load web1
2023-12-08T12:18:36.967Z 5: ✅ webContents.created web2 ""
2023-12-08T12:18:37.015Z 6: ✅ window.created win2 "Discord"
2023-12-08T12:18:41.839Z 7: ✅ webContents.did-finish-load web2
2023-12-08T12:18:41.940Z 8: window.close win1
2023-12-08T12:18:41.985Z 9: webContents.destroyed web1
2023-12-08T12:18:41.994Z 10: window.closed win1
