INFO: 2023-07-25 14:28:15,261: main() 'Using profile folder /home/koen/.config/variety/'
INFO: 2023-07-25 14:28:15,262: makedirs() 'Creating folder /home/koen/.config/variety/plugins'
INFO: 2023-07-25 14:28:15,263: perform_upgrade() 'Last run version was 0.8.10 or earlier, current version is 0.8.10'
ERROR: 2023-07-25 14:28:15,264: perform_upgrade() 'Error during version upgrade. Continuing.'
Traceback (most recent call last):
  File "/usr/lib/python3.11/site-packages/variety/VarietyWindow.py", line 2283, in perform_upgrade
    if Util.compare_versions(last_version, "0.4.13") < 0:
       ^^^^^^^^^^^^^^^^^^^^^^^^^^^^^^^^^^^^^^^^^^^^^
  File "/usr/lib/python3.11/site-packages/variety/Util.py", line 768, in compare_versions
    from pkg_resources import parse_version
ModuleNotFoundError: No module named 'pkg_resources'
INFO: 2023-07-25 14:28:15,265: process_command() 'Received command: []'
INFO: 2023-07-25 14:28:15,267: start() 'Using data_path /usr/share/variety'
INFO: 2023-07-25 14:28:15,267: load() 'Jumble loading'
INFO: 2023-07-25 14:28:15,267: _walk_modules() 'Jumble loading module in __init__ from /usr/lib/python3.11/site-packages/variety/plugins/builtin/__init__.py'
INFO: 2023-07-25 14:28:15,268: _walk_modules() 'Jumble loading module in __init__ from /usr/lib/python3.11/site-packages/variety/plugins/builtin/display_modes/__init__.py'
INFO: 2023-07-25 14:28:15,268: _walk_modules() 'Jumble loading module in GnomeDisplayModesPlugin from /usr/lib/python3.11/site-packages/variety/plugins/builtin/display_modes/GnomeDisplayModesPlugin.py'
INFO: 2023-07-25 14:28:15,268: load() 'Jumble found plugin class: <class 'GnomeDisplayModesPlugin.GnomeDisplayModesPlugin'>: {'name': 'GnomeDisplayModesPlugin', 'description': 'Display modes relying on the underlying desktop environment', 'version': '1.0', 'author': 'Peter Levi'}'
INFO: 2023-07-25 14:28:15,268: _walk_modules() 'Jumble loading module in LegacyDisplayModesPlugin from /usr/lib/python3.11/site-packages/variety/plugins/builtin/display_modes/LegacyDisplayModesPlugin.py'
INFO: 2023-07-25 14:28:15,269: load() 'Jumble found plugin class: <class 'LegacyDisplayModesPlugin.LegacyDisplayModesPlugin'>: {'name': 'LegacyDisplayModesPlugin', 'description': 'Legacy display mode for compatibility with past Variety versions', 'version': '1.0', 'author': 'Peter Levi'}'
INFO: 2023-07-25 14:28:15,269: _walk_modules() 'Jumble loading module in ResizingDisplayModesPlugin from /usr/lib/python3.11/site-packages/variety/plugins/builtin/display_modes/ResizingDisplayModesPlugin.py'
INFO: 2023-07-25 14:28:15,269: load() 'Jumble found plugin class: <class 'ResizingDisplayModesPlugin.ResizingDisplayModesPlugin'>: {'name': 'ResizingDisplayModesPlugin', 'description': 'Display modes that use image resizing within Variety', 'version': '1.0', 'author': 'Peter Levi'}'
INFO: 2023-07-25 14:28:15,270: _walk_modules() 'Jumble loading module in UrbanDictionarySource from /usr/lib/python3.11/site-packages/variety/plugins/builtin/quotes/UrbanDictionarySource.py'
INFO: 2023-07-25 14:28:15,270: load() 'Jumble found plugin class: <class 'UrbanDictionarySource.UrbanDictionarySource'>: {'name': 'Urban Dictionary', 'description': 'Displays definitions from Urban Dictionary', 'author': 'James Miller', 'version': '0.1'}'
INFO: 2023-07-25 14:28:15,270: _walk_modules() 'Jumble loading module in __init__ from /usr/lib/python3.11/site-packages/variety/plugins/builtin/quotes/__init__.py'
INFO: 2023-07-25 14:28:15,270: _walk_modules() 'Jumble loading module in LocalFilesSource from /usr/lib/python3.11/site-packages/variety/plugins/builtin/quotes/LocalFilesSource.py'
INFO: 2023-07-25 14:28:15,271: load() 'Jumble found plugin class: <class 'LocalFilesSource.LocalFilesSource'>: {'name': 'Local text files', 'description': 'Displays quotes, defined in local text files.\nPut your own txt files in: ~/.config/variety/pluginconfig/quotes/.\nThe file format is:\n\nquote -- author\n.\nsecond quote -- another author\n.\netc...\n\nExample: http://rvelthuis.de/zips/quotes.txt', 'author': 'Peter Levi', 'version': '0.1'}'
INFO: 2023-07-25 14:28:15,271: _walk_modules() 'Jumble loading module in GoodreadsSource from /usr/lib/python3.11/site-packages/variety/plugins/builtin/quotes/GoodreadsSource.py'
INFO: 2023-07-25 14:28:15,298: load() 'Jumble found plugin class: <class 'GoodreadsSource.GoodreadsSource'>: {'name': 'Goodreads', 'description': 'Fetches quotes from Goodreads.com', 'author': 'Peter Levi', 'version': '0.1'}'
INFO: 2023-07-25 14:28:15,298: _walk_modules() 'Jumble loading module in FortuneSource from /usr/lib/python3.11/site-packages/variety/plugins/builtin/quotes/FortuneSource.py'
INFO: 2023-07-25 14:28:15,299: load() 'Jumble found plugin class: <class 'FortuneSource.FortuneSource'>: {'name': 'UNIX fortune program', 'description': 'Displays quotes using the UNIX fortune program. You may want to install additional fortune packs, e.g. fortunes-bofh-excuses.', 'author': 'Dan Jones', 'version': '0.1'}'
INFO: 2023-07-25 14:28:15,299: _walk_modules() 'Jumble loading module in QuotationsPageSource from /usr/lib/python3.11/site-packages/variety/plugins/builtin/quotes/QuotationsPageSource.py'
INFO: 2023-07-25 14:28:15,300: load() 'Jumble found plugin class: <class 'QuotationsPageSource.QuotationsPageSource'>: {'name': 'TheQuotationsPage.com', 'description': 'Fetches quotes from TheQuotationsPage.com', 'author': 'Peter Levi', 'version': '0.1'}'
INFO: 2023-07-25 14:28:15,300: _walk_modules() 'Jumble loading module in BingDownloader from /usr/lib/python3.11/site-packages/variety/plugins/builtin/downloaders/BingDownloader.py'
INFO: 2023-07-25 14:28:15,301: load() 'Jumble found plugin class: <class 'BingDownloader.BingDownloader'>: {'name': 'BingDownloader', 'description': 'Bing Photo of the Day', 'author': 'Peter Levi', 'version': '0.1'}'
INFO: 2023-07-25 14:28:15,301: _walk_modules() 'Jumble loading module in __init__ from /usr/lib/python3.11/site-packages/variety/plugins/builtin/downloaders/__init__.py'
INFO: 2023-07-25 14:28:15,301: _walk_modules() 'Jumble loading module in UnsplashConfigurableSource from /usr/lib/python3.11/site-packages/variety/plugins/builtin/downloaders/UnsplashConfigurableSource.py'
INFO: 2023-07-25 14:28:15,302: load() 'Jumble found plugin class: <class 'UnsplashConfigurableSource.UnsplashConfigurableSource'>: {'name': 'UnsplashConfigurableSource', 'description': 'Configurable source for fetching photos from Unsplash.com', 'author': 'Peter Levi', 'version': '0.1'}'
INFO: 2023-07-25 14:28:15,303: _walk_modules() 'Jumble loading module in MediaRSSDownloader from /usr/lib/python3.11/site-packages/variety/plugins/builtin/downloaders/MediaRSSDownloader.py'
INFO: 2023-07-25 14:28:15,303: _walk_modules() 'Jumble loading module in WallhavenSource from /usr/lib/python3.11/site-packages/variety/plugins/builtin/downloaders/WallhavenSource.py'
INFO: 2023-07-25 14:28:15,304: load() 'Jumble found plugin class: <class 'WallhavenSource.WallhavenSource'>: {'name': 'WallhavenSource', 'description': 'Configurable source for fetching images from Wallhaven.cc', 'author': 'Peter Levi', 'version': '0.1'}'
INFO: 2023-07-25 14:28:15,304: _walk_modules() 'Jumble loading module in RedditDownloader from /usr/lib/python3.11/site-packages/variety/plugins/builtin/downloaders/RedditDownloader.py'
INFO: 2023-07-25 14:28:15,305: _walk_modules() 'Jumble loading module in WallhavenLegacyDownloader from /usr/lib/python3.11/site-packages/variety/plugins/builtin/downloaders/WallhavenLegacyDownloader.py'
INFO: 2023-07-25 14:28:15,305: _walk_modules() 'Jumble loading module in UnsplashDownloader from /usr/lib/python3.11/site-packages/variety/plugins/builtin/downloaders/UnsplashDownloader.py'
INFO: 2023-07-25 14:28:15,305: load() 'Jumble found plugin class: <class 'UnsplashDownloader.UnsplashDownloader'>: {'name': 'UnsplashDownloader', 'description': 'High-resolution photos from Unsplash.com', 'author': 'Peter Levi', 'version': '0.1'}'
INFO: 2023-07-25 14:28:15,305: _walk_modules() 'Jumble loading module in ArtStationSource from /usr/lib/python3.11/site-packages/variety/plugins/builtin/downloaders/ArtStationSource.py'
INFO: 2023-07-25 14:28:15,306: load() 'Jumble found plugin class: <class 'ArtStationSource.ArtStationSource'>: {'name': 'ArtStationSource', 'description': 'Configurable source for fetching images from ArtStation', 'author': 'Denis Gordeev', 'version': '0.1'}'
INFO: 2023-07-25 14:28:15,306: _walk_modules() 'Jumble loading module in NationalGeographicDownloader from /usr/lib/python3.11/site-packages/variety/plugins/builtin/downloaders/NationalGeographicDownloader.py'
INFO: 2023-07-25 14:28:15,307: load() 'Jumble found plugin class: <class 'NationalGeographicDownloader.NationalGeographicDownloader'>: {'name': 'NationalGeographicDownloader', 'description': "National Geographic's photo of the day", 'author': 'Eric Rösch', 'version': '0.1'}'
INFO: 2023-07-25 14:28:15,307: _walk_modules() 'Jumble loading module in ArtStationDownloader from /usr/lib/python3.11/site-packages/variety/plugins/builtin/downloaders/ArtStationDownloader.py'
INFO: 2023-07-25 14:28:15,307: _walk_modules() 'Jumble loading module in APODDownloader from /usr/lib/python3.11/site-packages/variety/plugins/builtin/downloaders/APODDownloader.py'
INFO: 2023-07-25 14:28:15,308: load() 'Jumble found plugin class: <class 'APODDownloader.APODDownloader'>: {'name': 'APODDownloader', 'description': 'NASA Astro Pic of the Day', 'author': 'Peter Levi', 'version': '0.1'}'
INFO: 2023-07-25 14:28:15,308: _walk_modules() 'Jumble loading module in RedditSource from /usr/lib/python3.11/site-packages/variety/plugins/builtin/downloaders/RedditSource.py'
INFO: 2023-07-25 14:28:15,308: load() 'Jumble found plugin class: <class 'RedditSource.RedditSource'>: {'name': 'RedditSource', 'description': 'Configurable source for fetching images from Reddit', 'author': 'Peter Levi', 'version': '0.1'}'
INFO: 2023-07-25 14:28:15,308: _walk_modules() 'Jumble loading module in MediaRSSSource from /usr/lib/python3.11/site-packages/variety/plugins/builtin/downloaders/MediaRSSSource.py'
INFO: 2023-07-25 14:28:15,309: load() 'Jumble found plugin class: <class 'MediaRSSSource.MediaRSSSource'>: {'name': 'MediaRSSSource', 'description': 'Configurable source for fetching images from MediaRSS feeds', 'author': 'Peter Levi', 'version': '0.1'}'
INFO: 2023-07-25 14:28:15,309: _walk_modules() 'Jumble loading module in WallhavenDownloader from /usr/lib/python3.11/site-packages/variety/plugins/builtin/downloaders/WallhavenDownloader.py'
INFO: 2023-07-25 14:28:15,310: _walk_modules() 'Jumble loading module in EarthviewDownloader from /usr/lib/python3.11/site-packages/variety/plugins/builtin/downloaders/EarthviewDownloader.py'
INFO: 2023-07-25 14:28:15,310: load() 'Jumble found plugin class: <class 'EarthviewDownloader.EarthviewDownloader'>: {'name': 'EarthviewDownloader', 'description': 'Google Earth View Wallpapers', 'author': 'Peter Levi', 'version': '0.1'}'
INFO: 2023-07-25 14:28:15,311: makedirs() 'Creating folder /home/koen/.config/variety/pluginconfig/downloaders'
ERROR: 2023-07-25 14:28:15,312: get_xdg_pictures_folder() 'Could not get path to Pictures folder. Defaulting to ~/Pictures.'
Traceback (most recent call last):
  File "/usr/lib/python3.11/site-packages/variety/Util.py", line 815, in get_xdg_pictures_folder
    raise Exception("Could not get path to Pictures folder. Defaulting to ~/Pictures.")
Exception: Could not get path to Pictures folder. Defaulting to ~/Pictures.
ERROR: 2023-07-25 14:28:15,313: get_xdg_pictures_folder() 'Could not get path to Pictures folder. Defaulting to ~/Pictures.'
Traceback (most recent call last):
  File "/usr/lib/python3.11/site-packages/variety/Util.py", line 815, in get_xdg_pictures_folder
    raise Exception("Could not get path to Pictures folder. Defaulting to ~/Pictures.")
Exception: Could not get path to Pictures folder. Defaulting to ~/Pictures.
INFO: 2023-07-25 14:28:15,323: makedirs() 'Creating folder /home/koen/.wallpaper/favorites'
INFO: 2023-07-25 14:28:15,323: reload_config() 'Creating new downloader for type bing, location Bing Photo of the Day'
INFO: 2023-07-25 14:28:15,323: reload_config() 'Creating new downloader for type unsplash, location High-resolution photos from Unsplash.com'
INFO: 2023-07-25 14:28:15,323: reload_config() 'Creating new downloader for type wallhaven, location nature'
INFO: 2023-07-25 14:28:15,325: log_options() 'Loaded options:'
INFO: 2023-07-25 14:28:15,325: log_options() 'change_enabled = False'
INFO: 2023-07-25 14:28:15,325: log_options() 'change_interval = 300'
INFO: 2023-07-25 14:28:15,325: log_options() 'change_on_start = True'
INFO: 2023-07-25 14:28:15,325: log_options() 'clipboard_enabled = False'
INFO: 2023-07-25 14:28:15,325: log_options() 'clipboard_hosts = ['wallhaven.cc', 'wallpapers.net', 'flickr.com', 'imgur.com', 'deviantart.com', 'interfacelift.com', 'vladstudio.com', 'imageshack.us', 'deviantart.net', 'imageshack.com']'
INFO: 2023-07-25 14:28:15,325: log_options() 'clipboard_use_whitelist = True'
INFO: 2023-07-25 14:28:15,325: log_options() 'clock_date_font = Serif 30'
INFO: 2023-07-25 14:28:15,325: log_options() 'clock_enabled = False'
INFO: 2023-07-25 14:28:15,325: log_options() 'clock_filter = -density 100 -font `fc-match -f '%{file[0]}' '%CLOCK_FONT_NAME'` -pointsize %CLOCK_FONT_SIZE -gravity SouthEast -fill '#00000044' -annotate 0x0+[%HOFFSET+58]+[%VOFFSET+108] '%H:%M' -fill white -annotate 0x0+[%HOFFSET+60]+[%VOFFSET+110] '%H:%M' -font `fc-match -f '%{file[0]}' '%DATE_FONT_NAME'` -pointsize %DATE_FONT_SIZE -fill '#00000044' -annotate 0x0+[%HOFFSET+58]+[%VOFFSET+58] '%A, %B %d' -fill white -annotate 0x0+[%HOFFSET+60]+[%VOFFSET+60] '%A, %B %d''
INFO: 2023-07-25 14:28:15,325: log_options() 'clock_font = Serif 70'
INFO: 2023-07-25 14:28:15,325: log_options() 'configfile = /home/koen/.config/variety/variety.conf'
INFO: 2023-07-25 14:28:15,325: log_options() 'copyto_enabled = False'
INFO: 2023-07-25 14:28:15,325: log_options() 'copyto_folder = Default'
INFO: 2023-07-25 14:28:15,325: log_options() 'desired_color = [160, 160, 160]'
INFO: 2023-07-25 14:28:15,325: log_options() 'desired_color_enabled = False'
INFO: 2023-07-25 14:28:15,325: log_options() 'download_folder = /home/koen/.config/variety/Downloaded'
INFO: 2023-07-25 14:28:15,325: log_options() 'download_preference_ratio = 0.9'
INFO: 2023-07-25 14:28:15,325: log_options() 'favorites_folder = /home/koen/.wallpaper/favorites'
INFO: 2023-07-25 14:28:15,325: log_options() 'favorites_operations = [['Downloaded', 'Copy'], ['Fetched', 'Move'], ['Others', 'Copy']]'
INFO: 2023-07-25 14:28:15,325: log_options() 'fetched_folder = /home/koen/.wallpaper/favorites'
INFO: 2023-07-25 14:28:15,325: log_options() 'filters = [[False, 'Keep original', ''], [False, 'Grayscale', '-type Grayscale'], [False, 'Heavy blur', '-scale 20% -blur 0x10 -resize 500%'], [False, 'Soft blur', '-scale 20% -blur 0x2 -resize 500%'], [False, 'Oil painting', '-paint 8'], [False, 'Pointilism', '-spread 10 -noise 3'], [False, 'Pixellate', '-scale 3% -scale 3333%']]'
INFO: 2023-07-25 14:28:15,326: log_options() 'get_wallpaper_script = /home/koen/.config/variety/scripts/get_wallpaper'
INFO: 2023-07-25 14:28:15,326: log_options() 'icon = Light'
INFO: 2023-07-25 14:28:15,326: log_options() 'internet_enabled = True'
INFO: 2023-07-25 14:28:15,326: log_options() 'lightness_enabled = False'
INFO: 2023-07-25 14:28:15,326: log_options() 'lightness_mode = 0'
INFO: 2023-07-25 14:28:15,326: log_options() 'min_rating = 4'
INFO: 2023-07-25 14:28:15,326: log_options() 'min_rating_enabled = False'
INFO: 2023-07-25 14:28:15,326: log_options() 'min_size = 80'
INFO: 2023-07-25 14:28:15,326: log_options() 'min_size_enabled = False'
INFO: 2023-07-25 14:28:15,326: log_options() 'quota_enabled = True'
INFO: 2023-07-25 14:28:15,326: log_options() 'quota_size = 1000'
INFO: 2023-07-25 14:28:15,326: log_options() 'quotes_authors = '
INFO: 2023-07-25 14:28:15,326: log_options() 'quotes_bg_color = [80, 80, 80]'
INFO: 2023-07-25 14:28:15,326: log_options() 'quotes_bg_opacity = 55'
INFO: 2023-07-25 14:28:15,326: log_options() 'quotes_change_enabled = False'
INFO: 2023-07-25 14:28:15,326: log_options() 'quotes_change_interval = 300'
INFO: 2023-07-25 14:28:15,326: log_options() 'quotes_disabled_sources = ['Urban Dictionary']'
INFO: 2023-07-25 14:28:15,326: log_options() 'quotes_enabled = False'
INFO: 2023-07-25 14:28:15,326: log_options() 'quotes_favorites_file = /home/koen/.config/variety/favorite_quotes.txt'
INFO: 2023-07-25 14:28:15,326: log_options() 'quotes_font = Serif 30'
INFO: 2023-07-25 14:28:15,326: log_options() 'quotes_hpos = 100'
INFO: 2023-07-25 14:28:15,326: log_options() 'quotes_max_length = 250'
INFO: 2023-07-25 14:28:15,326: log_options() 'quotes_tags = '
INFO: 2023-07-25 14:28:15,326: log_options() 'quotes_text_color = [255, 255, 255]'
INFO: 2023-07-25 14:28:15,326: log_options() 'quotes_text_shadow = False'
INFO: 2023-07-25 14:28:15,326: log_options() 'quotes_vpos = 40'
INFO: 2023-07-25 14:28:15,326: log_options() 'quotes_width = 70'
INFO: 2023-07-25 14:28:15,326: log_options() 'safe_mode = False'
INFO: 2023-07-25 14:28:15,326: log_options() 'set_wallpaper_script = /home/koen/.config/variety/scripts/set_wallpaper'
INFO: 2023-07-25 14:28:15,326: log_options() 'slideshow_custom_enabled = False'
INFO: 2023-07-25 14:28:15,326: log_options() 'slideshow_custom_folder = /home/koen/Pictures'
INFO: 2023-07-25 14:28:15,326: log_options() 'slideshow_downloads_enabled = False'
INFO: 2023-07-25 14:28:15,326: log_options() 'slideshow_fade = 0.4'
INFO: 2023-07-25 14:28:15,326: log_options() 'slideshow_favorites_enabled = True'
INFO: 2023-07-25 14:28:15,326: log_options() 'slideshow_mode = Fullscreen'
INFO: 2023-07-25 14:28:15,326: log_options() 'slideshow_monitor = All'
INFO: 2023-07-25 14:28:15,326: log_options() 'slideshow_pan = 0.05'
INFO: 2023-07-25 14:28:15,326: log_options() 'slideshow_seconds = 6.0'
INFO: 2023-07-25 14:28:15,327: log_options() 'slideshow_sort_order = Random'
INFO: 2023-07-25 14:28:15,327: log_options() 'slideshow_sources_enabled = True'
INFO: 2023-07-25 14:28:15,327: log_options() 'slideshow_zoom = 0.2'
INFO: 2023-07-25 14:28:15,327: log_options() 'smart_enabled = False'
INFO: 2023-07-25 14:28:15,327: log_options() 'smart_notice_shown = False'
INFO: 2023-07-25 14:28:15,327: log_options() 'smart_register_shown = False'
INFO: 2023-07-25 14:28:15,327: log_options() 'sources = [[False, 'favorites', 'The Favorites folder'], [False, 'fetched', 'The Fetched folder'], [True, 'folder', '/usr/share/backgrounds'], [False, 'flickr', 'user:www.flickr.com/photos/peter-levi/;user_id:93647178@N00;'], [False, 'apod', "NASA's Astronomy Picture of the Day"], [True, 'bing', 'Bing Photo of the Day'], [False, 'earthview', 'Google Earth View Wallpapers'], [False, 'natgeo', "National Geographic's photo of the day"], [True, 'unsplash', 'High-resolution photos from Unsplash.com'], [True, 'wallhaven', 'nature'], [True, 'folder', '/home/koen/.wallpaper/wallpapers']]'
INFO: 2023-07-25 14:28:15,327: log_options() 'stats_enabled = True'
INFO: 2023-07-25 14:28:15,327: log_options() 'stats_notice_shown = False'
INFO: 2023-07-25 14:28:15,327: log_options() 'sync_enabled = True'
INFO: 2023-07-25 14:28:15,327: log_options() 'use_landscape_enabled = True'
INFO: 2023-07-25 14:28:15,327: log_options() 'wallhaven_api_key = '
INFO: 2023-07-25 14:28:15,327: log_options() 'wallpaper_auto_rotate = False'
INFO: 2023-07-25 14:28:15,327: log_options() 'wallpaper_display_mode = os'
INFO: 2023-07-25 14:28:15,327: reload_config() 'No need to clear prepared queue'
INFO: 2023-07-25 14:28:15,327: update_indicator() 'Setting file info to: /usr/share/backgrounds/gnome/adwaita-l.webp'
INFO: 2023-07-25 14:28:15,328: load_banned() 'Missing or invalid banned URLs list, no URLs will be banned'
INFO: 2023-07-25 14:28:15,328: load_last_change_time() 'Change interval < 6 hours, ignore persisted last_change_time, wait initially the whole interval: 300'
INFO: 2023-07-25 14:28:15,328: update_indicator() 'Setting file info to: /usr/share/backgrounds/gnome/adwaita-l.webp'
INFO: 2023-07-25 14:28:15,328: regular_change_thread() 'regular_change thread running'
INFO: 2023-07-25 14:28:15,328: prepare_thread() 'Prepare thread running'
INFO: 2023-07-25 14:28:15,328: prepare_thread() 'Prepared buffer contains 0 images'
INFO: 2023-07-25 14:28:15,328: prepare_thread() 'Preparing some images'
INFO: 2023-07-25 14:28:15,330: get_throttling() 'Unsplash.com: parsing serverside options'
INFO: 2023-07-25 14:28:15,330: get_throttling() 'Could not parse Unsplash.com serverside options, using defaults 10, 1'
INFO: 2023-07-25 14:28:15,330: get_throttling() 'Unsplash.com: parsing serverside options'
INFO: 2023-07-25 14:28:15,330: get_throttling() 'Could not parse Unsplash.com serverside options, using defaults 10, 1'
INFO: 2023-07-25 14:28:15,330: download_one() 'Unsplash.com: Downloading an image, config: None'
INFO: 2023-07-25 14:28:15,330: download_one() 'Unsplash.com: Queue size: 0'
INFO: 2023-07-25 14:28:15,330: get_throttling() 'Unsplash.com: parsing serverside options'
INFO: 2023-07-25 14:28:15,330: get_throttling() 'Could not parse Unsplash.com serverside options, using defaults 10, 1'
INFO: 2023-07-25 14:28:15,330: download_one() 'Unsplash.com: Filling queue'
INFO: 2023-07-25 14:28:15,330: fill_queue() 'Filling Unsplash queue from https://api.unsplash.com/photos/random?count=30&client_id=072e5048dfcb73a8d9ad59fcf402471518ff8df725df462b0c4fa665f466515a&orientation=landscape'
INFO: 2023-07-25 14:28:15,350: prepare_thread() 'After search prepared buffer contains 40 images'
INFO: 2023-07-25 14:28:15,375: update_indicator_icon() 'Creating indicator'
WARNING: 2023-07-25 14:28:15,382: create_menu() 'Variety Slideshow is not installed. This is an optional extension adding pan-and-zoom slideshows to Variety: see https://github.com/peterlevi/variety-slideshow for details'
INFO: 2023-07-25 14:28:15,382: create_indicator() 'indicator backend: AppIndicator3'
INFO: 2023-07-25 14:28:15,403: set_from_theme_icon() 'Showing indicator icon variety-indicator from GTK theme'
INFO: 2023-07-25 14:28:15,429: do_set_wp() 'Calling do_set_wp with /usr/share/backgrounds/gnome/adwaita-l.webp, time: 1690288095.4290788'
INFO: 2023-07-25 14:28:15,429: do_set_wp() 'Missing file or bad permissions, will not use it: /usr/share/backgrounds/gnome/adwaita-l.webp'
INFO: 2023-07-25 14:28:15,776: download_one() 'Unsplash.com: Queue populated with 30 URLs'
INFO: 2023-07-25 14:28:15,776: save_locally() 'Origin URL: https://unsplash.com/photos/a-couple-of-women-holding-cigarettes-in-their-hands-fTMnDiv65EA?utm_source=Variety+Wallpaper+Changer&utm_medium=referral'
INFO: 2023-07-25 14:28:15,776: save_locally() 'Image URL: https://images.unsplash.com/photo-1688081637107-11d26476fd83?crop=entropy&cs=srgb&fm=jpg&ixid=M3wxMjIxfDB8MXxyYW5kb218fHx8fHx8fHwxNjkwMjg4MDk1fA&ixlib=rb-4.0.3&q=85&w=2304'
INFO: 2023-07-25 14:28:15,776: save_locally() 'Local path: /home/koen/.config/variety/Downloaded/Unsplash/photo-1688081637107-11d26476fd83.jpg'
INFO: 2023-07-25 14:28:15,951: save_locally() 'Download complete'
INFO: 2023-07-25 14:28:15,951: update_indicator() 'Setting file info to: /usr/share/backgrounds/gnome/adwaita-l.webp'
INFO: 2023-07-25 14:28:15,952: list_files() 'More than 1 files in the folders, stop listing'
INFO: 2023-07-25 14:28:15,952: download_one_from() 'Adding downloaded file /home/koen/.config/variety/Downloaded/Unsplash/photo-1688081637107-11d26476fd83.jpg to unseen_downloads'
INFO: 2023-07-25 14:28:16,698: reload() 'Reloading preferences dialog'
ERROR: 2023-07-25 14:28:16,698: get_xdg_pictures_folder() 'Could not get path to Pictures folder. Defaulting to ~/Pictures.'
Traceback (most recent call last):
  File "/usr/lib/python3.11/site-packages/variety/Util.py", line 815, in get_xdg_pictures_folder
    raise Exception("Could not get path to Pictures folder. Defaulting to ~/Pictures.")
Exception: Could not get path to Pictures folder. Defaulting to ~/Pictures.
ERROR: 2023-07-25 14:28:16,700: get_xdg_pictures_folder() 'Could not get path to Pictures folder. Defaulting to ~/Pictures.'
Traceback (most recent call last):
  File "/usr/lib/python3.11/site-packages/variety/Util.py", line 815, in get_xdg_pictures_folder
    raise Exception("Could not get path to Pictures folder. Defaulting to ~/Pictures.")
Exception: Could not get path to Pictures folder. Defaulting to ~/Pictures.
ERROR: 2023-07-25 14:28:16,703: get_xdg_pictures_folder() 'Could not get path to Pictures folder. Defaulting to ~/Pictures.'
Traceback (most recent call last):
  File "/usr/lib/python3.11/site-packages/variety/Util.py", line 815, in get_xdg_pictures_folder
    raise Exception("Could not get path to Pictures folder. Defaulting to ~/Pictures.")
Exception: Could not get path to Pictures folder. Defaulting to ~/Pictures.
ERROR: 2023-07-25 14:28:16,703: get_file_icon_name() 'Exception while obtaining folder icon for /home/koen/Pictures:'
Traceback (most recent call last):
  File "/usr/lib/python3.11/site-packages/variety/Util.py", line 800, in get_file_icon_name
    query_info = f.query_info("standard::icon", Gio.FileQueryInfoFlags.NONE, None)
                 ^^^^^^^^^^^^^^^^^^^^^^^^^^^^^^^^^^^^^^^^^^^^^^^^^^^^^^^^^^^^^^^^^
gi.repository.GLib.GError: g-io-error-quark: Error when getting information for file “/home/koen/Pictures”: No such file or directory (1)
ERROR: 2023-07-25 14:28:16,704: get_file_icon_name() 'Exception while obtaining folder icon for /home/koen/Pictures:'
Traceback (most recent call last):
  File "/usr/lib/python3.11/site-packages/variety/Util.py", line 800, in get_file_icon_name
    query_info = f.query_info("standard::icon", Gio.FileQueryInfoFlags.NONE, None)
                 ^^^^^^^^^^^^^^^^^^^^^^^^^^^^^^^^^^^^^^^^^^^^^^^^^^^^^^^^^^^^^^^^^
gi.repository.GLib.GError: g-io-error-quark: Error when getting information for file “/home/koen/Pictures”: No such file or directory (1)
INFO: 2023-07-25 14:28:16,952: get_throttling() 'Unsplash.com: parsing serverside options'
INFO: 2023-07-25 14:28:16,953: get_throttling() 'Could not parse Unsplash.com serverside options, using defaults 10, 1'
INFO: 2023-07-25 14:28:16,953: get_throttling() 'Unsplash.com: parsing serverside options'
INFO: 2023-07-25 14:28:16,953: get_throttling() 'Could not parse Unsplash.com serverside options, using defaults 10, 1'
INFO: 2023-07-25 14:28:16,953: download_one() 'Unsplash.com: Downloading an image, config: None'
INFO: 2023-07-25 14:28:16,953: download_one() 'Unsplash.com: Queue size: 29'
INFO: 2023-07-25 14:28:16,953: download_one() 'Unsplash.com: Queue populated with 29 URLs'
INFO: 2023-07-25 14:28:16,953: save_locally() 'Origin URL: https://unsplash.com/photos/an-aerial-view-of-a-beach-and-a-body-of-water-12HxRhp8Pik?utm_source=Variety+Wallpaper+Changer&utm_medium=referral'
INFO: 2023-07-25 14:28:16,953: save_locally() 'Image URL: https://images.unsplash.com/photo-1689182227491-022894f8ca5b?crop=entropy&cs=srgb&fm=jpg&ixid=M3wxMjIxfDB8MXxyYW5kb218fHx8fHx8fHwxNjkwMjg4MDk1fA&ixlib=rb-4.0.3&q=85&w=2304'
INFO: 2023-07-25 14:28:16,953: save_locally() 'Local path: /home/koen/.config/variety/Downloaded/Unsplash/photo-1689182227491-022894f8ca5b.jpg'
INFO: 2023-07-25 14:28:17,153: save_locally() 'Download complete'
INFO: 2023-07-25 14:28:17,153: update_indicator() 'Setting file info to: /usr/share/backgrounds/gnome/adwaita-l.webp'
INFO: 2023-07-25 14:28:17,153: list_files() 'More than 1 files in the folders, stop listing'
INFO: 2023-07-25 14:28:17,154: download_one_from() 'Adding downloaded file /home/koen/.config/variety/Downloaded/Unsplash/photo-1689182227491-022894f8ca5b.jpg to unseen_downloads'
INFO: 2023-07-25 14:28:17,350: trigger_download() 'Triggering download thread to check if download needed and possible'
INFO: 2023-07-25 14:28:18,154: get_throttling() 'Unsplash.com: parsing serverside options'
INFO: 2023-07-25 14:28:18,155: get_throttling() 'Could not parse Unsplash.com serverside options, using defaults 10, 1'
INFO: 2023-07-25 14:28:18,155: get_throttling() 'Unsplash.com: parsing serverside options'
INFO: 2023-07-25 14:28:18,155: get_throttling() 'Could not parse Unsplash.com serverside options, using defaults 10, 1'
INFO: 2023-07-25 14:28:18,155: download_one() 'Unsplash.com: Downloading an image, config: None'
INFO: 2023-07-25 14:28:18,155: download_one() 'Unsplash.com: Queue size: 28'
INFO: 2023-07-25 14:28:18,155: download_one() 'Unsplash.com: Queue populated with 28 URLs'
INFO: 2023-07-25 14:28:18,155: save_locally() 'Origin URL: https://unsplash.com/photos/a-body-of-water-with-a-sky-in-the-background-GH6pYR7fhpE?utm_source=Variety+Wallpaper+Changer&utm_medium=referral'
INFO: 2023-07-25 14:28:18,155: save_locally() 'Image URL: https://images.unsplash.com/photo-1689046194076-62199393c464?crop=entropy&cs=srgb&fm=jpg&ixid=M3wxMjIxfDB8MXxyYW5kb218fHx8fHx8fHwxNjkwMjg4MDk1fA&ixlib=rb-4.0.3&q=85&w=2304'
INFO: 2023-07-25 14:28:18,155: save_locally() 'Local path: /home/koen/.config/variety/Downloaded/Unsplash/photo-1689046194076-62199393c464.jpg'
INFO: 2023-07-25 14:28:18,339: save_locally() 'Download complete'
INFO: 2023-07-25 14:28:18,339: update_indicator() 'Setting file info to: /usr/share/backgrounds/gnome/adwaita-l.webp'
INFO: 2023-07-25 14:28:18,339: list_files() 'More than 1 files in the folders, stop listing'
INFO: 2023-07-25 14:28:18,340: download_one_from() 'Adding downloaded file /home/koen/.config/variety/Downloaded/Unsplash/photo-1689046194076-62199393c464.jpg to unseen_downloads'
INFO: 2023-07-25 14:28:19,341: get_throttling() 'Unsplash.com: parsing serverside options'
INFO: 2023-07-25 14:28:19,341: get_throttling() 'Could not parse Unsplash.com serverside options, using defaults 10, 1'
INFO: 2023-07-25 14:28:19,341: get_throttling() 'Unsplash.com: parsing serverside options'
INFO: 2023-07-25 14:28:19,342: get_throttling() 'Could not parse Unsplash.com serverside options, using defaults 10, 1'
INFO: 2023-07-25 14:28:19,342: download_one() 'Unsplash.com: Downloading an image, config: None'
INFO: 2023-07-25 14:28:19,342: download_one() 'Unsplash.com: Queue size: 27'
INFO: 2023-07-25 14:28:19,342: download_one() 'Unsplash.com: Queue populated with 27 URLs'
INFO: 2023-07-25 14:28:19,342: save_locally() 'Origin URL: https://unsplash.com/photos/a-man-in-a-space-suit-holding-something-in-his-hands-QfFihcWYwBs?utm_source=Variety+Wallpaper+Changer&utm_medium=referral'
INFO: 2023-07-25 14:28:19,342: save_locally() 'Image URL: https://images.unsplash.com/photo-1687639676496-ebb340ee4def?crop=entropy&cs=srgb&fm=jpg&ixid=M3wxMjIxfDB8MXxyYW5kb218fHx8fHx8fHwxNjkwMjg4MDk1fA&ixlib=rb-4.0.3&q=85&w=2304'
INFO: 2023-07-25 14:28:19,342: save_locally() 'Local path: /home/koen/.config/variety/Downloaded/Unsplash/photo-1687639676496-ebb340ee4def.jpg'
INFO: 2023-07-25 14:28:19,535: save_locally() 'Download complete'
INFO: 2023-07-25 14:28:19,535: update_indicator() 'Setting file info to: /usr/share/backgrounds/gnome/adwaita-l.webp'
INFO: 2023-07-25 14:28:19,536: list_files() 'More than 1 files in the folders, stop listing'
INFO: 2023-07-25 14:28:19,536: download_one_from() 'Adding downloaded file /home/koen/.config/variety/Downloaded/Unsplash/photo-1687639676496-ebb340ee4def.jpg to unseen_downloads'
INFO: 2023-07-25 14:28:20,329: set_wallpaper() 'Calling set_wallpaper with /home/koen/.config/variety/Downloaded/wallhaven_nature/wallhaven-y82ymk.jpg'
INFO: 2023-07-25 14:28:20,329: prepare_thread() 'Prepared buffer contains 40 images'
INFO: 2023-07-25 14:28:20,330: do_set_wp() 'Calling do_set_wp with /home/koen/.config/variety/Downloaded/wallhaven_nature/wallhaven-y82ymk.jpg, time: 1690288100.330365'
INFO: 2023-07-25 14:28:20,332: regular_change_thread() 'regular_change: waiting till user resumes'
INFO: 2023-07-25 14:28:20,340: update_indicator() 'Setting file info to: /home/koen/.config/variety/Downloaded/wallhaven_nature/wallhaven-y82ymk.jpg'
INFO: 2023-07-25 14:28:20,343: list_files() 'More than 1 files in the folders, stop listing'
INFO: 2023-07-25 14:28:20,537: get_throttling() 'Unsplash.com: parsing serverside options'
INFO: 2023-07-25 14:28:20,537: get_throttling() 'Could not parse Unsplash.com serverside options, using defaults 10, 1'
INFO: 2023-07-25 14:28:20,537: get_throttling() 'Unsplash.com: parsing serverside options'
INFO: 2023-07-25 14:28:20,537: get_throttling() 'Could not parse Unsplash.com serverside options, using defaults 10, 1'
INFO: 2023-07-25 14:28:20,537: download_one() 'Unsplash.com: Downloading an image, config: None'
INFO: 2023-07-25 14:28:20,537: download_one() 'Unsplash.com: Queue size: 26'
INFO: 2023-07-25 14:28:20,537: download_one() 'Unsplash.com: Queue populated with 26 URLs'
INFO: 2023-07-25 14:28:20,537: save_locally() 'Origin URL: https://unsplash.com/photos/a-blurry-photo-of-a-wave-in-the-ocean-r2WmGzxoJs4?utm_source=Variety+Wallpaper+Changer&utm_medium=referral'
INFO: 2023-07-25 14:28:20,537: save_locally() 'Image URL: https://images.unsplash.com/photo-1689874099574-b2c02629348b?crop=entropy&cs=srgb&fm=jpg&ixid=M3wxMjIxfDB8MXxyYW5kb218fHx8fHx8fHwxNjkwMjg4MDk1fA&ixlib=rb-4.0.3&q=85&w=2304'
INFO: 2023-07-25 14:28:20,537: save_locally() 'Local path: /home/koen/.config/variety/Downloaded/Unsplash/photo-1689874099574-b2c02629348b.jpg'
INFO: 2023-07-25 14:28:20,703: save_locally() 'Download complete'
INFO: 2023-07-25 14:28:20,703: update_indicator() 'Setting file info to: /home/koen/.config/variety/Downloaded/wallhaven_nature/wallhaven-y82ymk.jpg'
INFO: 2023-07-25 14:28:20,704: list_files() 'More than 1 files in the folders, stop listing'
INFO: 2023-07-25 14:28:20,705: download_one_from() 'Adding downloaded file /home/koen/.config/variety/Downloaded/Unsplash/photo-1689874099574-b2c02629348b.jpg to unseen_downloads'
INFO: 2023-07-25 14:28:21,705: get_throttling() 'Unsplash.com: parsing serverside options'
INFO: 2023-07-25 14:28:21,706: get_throttling() 'Could not parse Unsplash.com serverside options, using defaults 10, 1'
INFO: 2023-07-25 14:28:21,706: get_throttling() 'Unsplash.com: parsing serverside options'
INFO: 2023-07-25 14:28:21,706: get_throttling() 'Could not parse Unsplash.com serverside options, using defaults 10, 1'
INFO: 2023-07-25 14:28:21,706: download_one() 'Unsplash.com: Downloading an image, config: None'
INFO: 2023-07-25 14:28:21,706: download_one() 'Unsplash.com: Queue size: 25'
INFO: 2023-07-25 14:28:21,706: download_one() 'Unsplash.com: Queue populated with 25 URLs'
INFO: 2023-07-25 14:28:21,706: save_locally() 'Origin URL: https://unsplash.com/photos/3tkxfe2GocY?utm_source=Variety+Wallpaper+Changer&utm_medium=referral'
INFO: 2023-07-25 14:28:21,706: save_locally() 'Image URL: https://images.unsplash.com/photo-1585468274952-66591eb14165?crop=entropy&cs=srgb&fm=jpg&ixid=M3wxMjIxfDB8MXxyYW5kb218fHx8fHx8fHwxNjkwMjg4MDk1fA&ixlib=rb-4.0.3&q=85&w=2304'
INFO: 2023-07-25 14:28:21,706: save_locally() 'Local path: /home/koen/.config/variety/Downloaded/Unsplash/photo-1585468274952-66591eb14165.jpg'
INFO: 2023-07-25 14:28:21,875: save_locally() 'Download complete'
INFO: 2023-07-25 14:28:21,875: update_indicator() 'Setting file info to: /home/koen/.config/variety/Downloaded/wallhaven_nature/wallhaven-y82ymk.jpg'
INFO: 2023-07-25 14:28:21,876: list_files() 'More than 1 files in the folders, stop listing'
INFO: 2023-07-25 14:28:21,877: download_one_from() 'Adding downloaded file /home/koen/.config/variety/Downloaded/Unsplash/photo-1585468274952-66591eb14165.jpg to unseen_downloads'
INFO: 2023-07-25 14:28:22,235: reload() 'Reloading preferences dialog'
ERROR: 2023-07-25 14:28:22,236: get_xdg_pictures_folder() 'Could not get path to Pictures folder. Defaulting to ~/Pictures.'
Traceback (most recent call last):
  File "/usr/lib/python3.11/site-packages/variety/Util.py", line 815, in get_xdg_pictures_folder
    raise Exception("Could not get path to Pictures folder. Defaulting to ~/Pictures.")
Exception: Could not get path to Pictures folder. Defaulting to ~/Pictures.
ERROR: 2023-07-25 14:28:22,240: get_xdg_pictures_folder() 'Could not get path to Pictures folder. Defaulting to ~/Pictures.'
Traceback (most recent call last):
  File "/usr/lib/python3.11/site-packages/variety/Util.py", line 815, in get_xdg_pictures_folder
    raise Exception("Could not get path to Pictures folder. Defaulting to ~/Pictures.")
Exception: Could not get path to Pictures folder. Defaulting to ~/Pictures.
ERROR: 2023-07-25 14:28:22,245: get_xdg_pictures_folder() 'Could not get path to Pictures folder. Defaulting to ~/Pictures.'
Traceback (most recent call last):
  File "/usr/lib/python3.11/site-packages/variety/Util.py", line 815, in get_xdg_pictures_folder
    raise Exception("Could not get path to Pictures folder. Defaulting to ~/Pictures.")
Exception: Could not get path to Pictures folder. Defaulting to ~/Pictures.
ERROR: 2023-07-25 14:28:22,245: get_file_icon_name() 'Exception while obtaining folder icon for /home/koen/Pictures:'
Traceback (most recent call last):
  File "/usr/lib/python3.11/site-packages/variety/Util.py", line 800, in get_file_icon_name
    query_info = f.query_info("standard::icon", Gio.FileQueryInfoFlags.NONE, None)
                 ^^^^^^^^^^^^^^^^^^^^^^^^^^^^^^^^^^^^^^^^^^^^^^^^^^^^^^^^^^^^^^^^^
gi.repository.GLib.GError: g-io-error-quark: Error when getting information for file “/home/koen/Pictures”: No such file or directory (1)
ERROR: 2023-07-25 14:28:22,245: get_file_icon_name() 'Exception while obtaining folder icon for /home/koen/Pictures:'
Traceback (most recent call last):
  File "/usr/lib/python3.11/site-packages/variety/Util.py", line 800, in get_file_icon_name
    query_info = f.query_info("standard::icon", Gio.FileQueryInfoFlags.NONE, None)
                 ^^^^^^^^^^^^^^^^^^^^^^^^^^^^^^^^^^^^^^^^^^^^^^^^^^^^^^^^^^^^^^^^^
gi.repository.GLib.GError: g-io-error-quark: Error when getting information for file “/home/koen/Pictures”: No such file or directory (1)
INFO: 2023-07-25 14:28:22,329: trigger_download() 'Triggering download thread to check if download needed and possible'
INFO: 2023-07-25 14:28:22,330: trigger_download() 'Triggering download thread to check if download needed and possible'
INFO: 2023-07-25 14:28:22,878: get_throttling() 'Bing: parsing serverside options'
INFO: 2023-07-25 14:28:22,878: get_throttling() 'Could not parse Bing serverside options, using defaults None, None'
INFO: 2023-07-25 14:28:22,878: get_throttling() 'Bing: parsing serverside options'
INFO: 2023-07-25 14:28:22,878: get_throttling() 'Could not parse Bing serverside options, using defaults None, None'
INFO: 2023-07-25 14:28:22,878: download_one() 'Bing: Downloading an image, config: None'
INFO: 2023-07-25 14:28:22,878: download_one() 'Bing: Queue size: 0'
INFO: 2023-07-25 14:28:22,878: get_throttling() 'Bing: parsing serverside options'
INFO: 2023-07-25 14:28:22,878: get_throttling() 'Could not parse Bing serverside options, using defaults None, None'
INFO: 2023-07-25 14:28:22,878: download_one() 'Bing: Filling queue'
INFO: 2023-07-25 14:28:23,074: download_one() 'Bing: Queue populated with 8 URLs'
INFO: 2023-07-25 14:28:23,074: save_locally() 'Origin URL: https://www.bing.com/search?q=laguna+de+torrevieja&form=hpcapt&filters=HpDate%3a%2220230725_0700%22'
INFO: 2023-07-25 14:28:23,074: save_locally() 'Image URL: https://www.bing.com/th?id=OHR.LasLagunas_EN-US2134252350_1920x1080.jpg&rf=LaDigue_1920x1080.jpg&pid=hp'
INFO: 2023-07-25 14:28:23,074: save_locally() 'Local path: /home/koen/.config/variety/Downloaded/Bing/OHR.LasLagunas_EN-US2134252350_1920x1080.jpg'
INFO: 2023-07-25 14:28:23,182: save_locally() 'Download complete'
INFO: 2023-07-25 14:28:23,182: update_indicator() 'Setting file info to: /home/koen/.config/variety/Downloaded/wallhaven_nature/wallhaven-y82ymk.jpg'
INFO: 2023-07-25 14:28:23,184: list_files() 'More than 1 files in the folders, stop listing'
INFO: 2023-07-25 14:28:23,184: download_one_from() 'Adding downloaded file /home/koen/.config/variety/Downloaded/Bing/OHR.LasLagunas_EN-US2134252350_1920x1080.jpg to unseen_downloads'
INFO: 2023-07-25 14:28:24,185: get_throttling() 'Unsplash.com: parsing serverside options'
INFO: 2023-07-25 14:28:24,185: get_throttling() 'Could not parse Unsplash.com serverside options, using defaults 10, 1'
INFO: 2023-07-25 14:28:24,185: get_throttling() 'Unsplash.com: parsing serverside options'
INFO: 2023-07-25 14:28:24,185: get_throttling() 'Could not parse Unsplash.com serverside options, using defaults 10, 1'
INFO: 2023-07-25 14:28:24,185: download_one() 'Unsplash.com: Downloading an image, config: None'
INFO: 2023-07-25 14:28:24,185: download_one() 'Unsplash.com: Queue size: 24'
INFO: 2023-07-25 14:28:24,185: download_one() 'Unsplash.com: Queue populated with 24 URLs'
INFO: 2023-07-25 14:28:24,186: save_locally() 'Origin URL: https://unsplash.com/photos/vaQ1JkX_Oag?utm_source=Variety+Wallpaper+Changer&utm_medium=referral'
INFO: 2023-07-25 14:28:24,186: save_locally() 'Image URL: https://images.unsplash.com/photo-1685223366876-892c28363596?crop=entropy&cs=srgb&fm=jpg&ixid=M3wxMjIxfDB8MXxyYW5kb218fHx8fHx8fHwxNjkwMjg4MDk1fA&ixlib=rb-4.0.3&q=85&w=2304'
INFO: 2023-07-25 14:28:24,186: save_locally() 'Local path: /home/koen/.config/variety/Downloaded/Unsplash/photo-1685223366876-892c28363596.jpg'
INFO: 2023-07-25 14:28:24,334: save_locally() 'Download complete'
INFO: 2023-07-25 14:28:24,334: update_indicator() 'Setting file info to: /home/koen/.config/variety/Downloaded/wallhaven_nature/wallhaven-y82ymk.jpg'
INFO: 2023-07-25 14:28:24,336: list_files() 'More than 1 files in the folders, stop listing'
INFO: 2023-07-25 14:28:24,336: download_one_from() 'Adding downloaded file /home/koen/.config/variety/Downloaded/Unsplash/photo-1685223366876-892c28363596.jpg to unseen_downloads'
INFO: 2023-07-25 14:28:25,337: get_throttling() 'Bing: parsing serverside options'
INFO: 2023-07-25 14:28:25,337: get_throttling() 'Could not parse Bing serverside options, using defaults None, None'
INFO: 2023-07-25 14:28:25,337: get_throttling() 'Bing: parsing serverside options'
INFO: 2023-07-25 14:28:25,337: get_throttling() 'Could not parse Bing serverside options, using defaults None, None'
INFO: 2023-07-25 14:28:25,337: download_one() 'Bing: Downloading an image, config: None'
INFO: 2023-07-25 14:28:25,337: download_one() 'Bing: Queue size: 7'
INFO: 2023-07-25 14:28:25,337: download_one() 'Bing: Queue populated with 7 URLs'
INFO: 2023-07-25 14:28:25,337: save_locally() 'Origin URL: https://www.bing.com/search?q=Storseisundet+Bridge&form=hpcapt&filters=HpDate%3a%2220230721_0700%22'
INFO: 2023-07-25 14:28:25,337: save_locally() 'Image URL: https://www.bing.com/th?id=OHR.BridgeNorway_EN-US1530199433_1920x1080.jpg&rf=LaDigue_1920x1080.jpg&pid=hp'
INFO: 2023-07-25 14:28:25,337: save_locally() 'Local path: /home/koen/.config/variety/Downloaded/Bing/OHR.BridgeNorway_EN-US1530199433_1920x1080.jpg'
INFO: 2023-07-25 14:28:25,468: save_locally() 'Download complete'
INFO: 2023-07-25 14:28:25,468: update_indicator() 'Setting file info to: /home/koen/.config/variety/Downloaded/wallhaven_nature/wallhaven-y82ymk.jpg'
INFO: 2023-07-25 14:28:25,469: list_files() 'More than 1 files in the folders, stop listing'
INFO: 2023-07-25 14:28:25,469: download_one_from() 'Adding downloaded file /home/koen/.config/variety/Downloaded/Bing/OHR.BridgeNorway_EN-US1530199433_1920x1080.jpg to unseen_downloads'
INFO: 2023-07-25 14:28:26,470: get_throttling() 'Unsplash.com: parsing serverside options'
INFO: 2023-07-25 14:28:26,471: get_throttling() 'Could not parse Unsplash.com serverside options, using defaults 10, 1'
INFO: 2023-07-25 14:28:26,471: get_throttling() 'Unsplash.com: parsing serverside options'
INFO: 2023-07-25 14:28:26,471: get_throttling() 'Could not parse Unsplash.com serverside options, using defaults 10, 1'
INFO: 2023-07-25 14:28:26,471: download_one() 'Unsplash.com: Downloading an image, config: None'
INFO: 2023-07-25 14:28:26,471: download_one() 'Unsplash.com: Queue size: 23'
INFO: 2023-07-25 14:28:26,471: download_one() 'Unsplash.com: Queue populated with 23 URLs'
INFO: 2023-07-25 14:28:26,471: save_locally() 'Origin URL: https://unsplash.com/photos/the-night-sky-with-stars-above-a-mountain-range-epdbc0xRjiI?utm_source=Variety+Wallpaper+Changer&utm_medium=referral'
INFO: 2023-07-25 14:28:26,472: save_locally() 'Image URL: https://images.unsplash.com/photo-1687984351000-1afcdcfe5913?crop=entropy&cs=srgb&fm=jpg&ixid=M3wxMjIxfDB8MXxyYW5kb218fHx8fHx8fHwxNjkwMjg4MDk1fA&ixlib=rb-4.0.3&q=85&w=2304'
INFO: 2023-07-25 14:28:26,472: save_locally() 'Local path: /home/koen/.config/variety/Downloaded/Unsplash/photo-1687984351000-1afcdcfe5913.jpg'
INFO: 2023-07-25 14:28:26,618: save_locally() 'Download complete'
INFO: 2023-07-25 14:28:26,619: update_indicator() 'Setting file info to: /home/koen/.config/variety/Downloaded/wallhaven_nature/wallhaven-y82ymk.jpg'
INFO: 2023-07-25 14:28:26,620: list_files() 'More than 1 files in the folders, stop listing'
INFO: 2023-07-25 14:28:26,620: download_one_from() 'Adding downloaded file /home/koen/.config/variety/Downloaded/Unsplash/photo-1687984351000-1afcdcfe5913.jpg to unseen_downloads'
INFO: 2023-07-25 14:28:27,621: get_throttling() 'Bing: parsing serverside options'
INFO: 2023-07-25 14:28:27,622: get_throttling() 'Could not parse Bing serverside options, using defaults None, None'
INFO: 2023-07-25 14:28:27,622: get_throttling() 'Bing: parsing serverside options'
INFO: 2023-07-25 14:28:27,622: get_throttling() 'Could not parse Bing serverside options, using defaults None, None'
INFO: 2023-07-25 14:28:27,622: download_one() 'Bing: Downloading an image, config: None'
INFO: 2023-07-25 14:28:27,622: download_one() 'Bing: Queue size: 6'
INFO: 2023-07-25 14:28:27,622: download_one() 'Bing: Queue populated with 6 URLs'
INFO: 2023-07-25 14:28:27,623: save_locally() 'Origin URL: https://www.bing.com/search?q=moon&form=hpcapt&filters=HpDate%3a%2220230720_0700%22'
INFO: 2023-07-25 14:28:27,623: save_locally() 'Image URL: https://www.bing.com/th?id=OHR.MoonDayArtemis_EN-US1226397186_1920x1080.jpg&rf=LaDigue_1920x1080.jpg&pid=hp'
INFO: 2023-07-25 14:28:27,623: save_locally() 'Local path: /home/koen/.config/variety/Downloaded/Bing/OHR.MoonDayArtemis_EN-US1226397186_1920x1080.jpg'
INFO: 2023-07-25 14:28:27,767: save_locally() 'Download complete'
INFO: 2023-07-25 14:28:27,767: update_indicator() 'Setting file info to: /home/koen/.config/variety/Downloaded/wallhaven_nature/wallhaven-y82ymk.jpg'
INFO: 2023-07-25 14:28:27,768: list_files() 'More than 1 files in the folders, stop listing'
INFO: 2023-07-25 14:28:27,769: download_one_from() 'Adding downloaded file /home/koen/.config/variety/Downloaded/Bing/OHR.MoonDayArtemis_EN-US1226397186_1920x1080.jpg to unseen_downloads'
INFO: 2023-07-25 14:28:28,770: get_throttling() 'Unsplash.com: parsing serverside options'
INFO: 2023-07-25 14:28:28,770: get_throttling() 'Could not parse Unsplash.com serverside options, using defaults 10, 1'
INFO: 2023-07-25 14:28:28,770: get_throttling() 'Unsplash.com: parsing serverside options'
INFO: 2023-07-25 14:28:28,770: get_throttling() 'Could not parse Unsplash.com serverside options, using defaults 10, 1'
INFO: 2023-07-25 14:28:28,770: download_one() 'Unsplash.com: Downloading an image, config: None'
INFO: 2023-07-25 14:28:28,770: download_one() 'Unsplash.com: Queue size: 22'
INFO: 2023-07-25 14:28:28,770: download_one() 'Unsplash.com: Queue populated with 22 URLs'
INFO: 2023-07-25 14:28:28,770: save_locally() 'Origin URL: https://unsplash.com/photos/a-stream-of-water-running-over-rocks-in-a-river-F64EjP4Nxzs?utm_source=Variety+Wallpaper+Changer&utm_medium=referral'
INFO: 2023-07-25 14:28:28,771: save_locally() 'Image URL: https://images.unsplash.com/photo-1688746515540-61243f2012b9?crop=entropy&cs=srgb&fm=jpg&ixid=M3wxMjIxfDB8MXxyYW5kb218fHx8fHx8fHwxNjkwMjg4MDk1fA&ixlib=rb-4.0.3&q=85&w=2304'
INFO: 2023-07-25 14:28:28,771: save_locally() 'Local path: /home/koen/.config/variety/Downloaded/Unsplash/photo-1688746515540-61243f2012b9.jpg'
INFO: 2023-07-25 14:28:28,922: save_locally() 'Download complete'
INFO: 2023-07-25 14:28:28,922: update_indicator() 'Setting file info to: /home/koen/.config/variety/Downloaded/wallhaven_nature/wallhaven-y82ymk.jpg'
INFO: 2023-07-25 14:28:28,924: list_files() 'More than 1 files in the folders, stop listing'
INFO: 2023-07-25 14:28:28,924: download_one_from() 'Adding downloaded file /home/koen/.config/variety/Downloaded/Unsplash/photo-1688746515540-61243f2012b9.jpg to unseen_downloads'
INFO: 2023-07-25 14:28:29,925: get_throttling() 'Bing: parsing serverside options'
INFO: 2023-07-25 14:28:29,925: get_throttling() 'Could not parse Bing serverside options, using defaults None, None'
INFO: 2023-07-25 14:28:29,925: get_throttling() 'Bing: parsing serverside options'
INFO: 2023-07-25 14:28:29,925: get_throttling() 'Could not parse Bing serverside options, using defaults None, None'
INFO: 2023-07-25 14:28:29,925: download_one() 'Bing: Downloading an image, config: None'
INFO: 2023-07-25 14:28:29,925: download_one() 'Bing: Queue size: 5'
INFO: 2023-07-25 14:28:29,925: download_one() 'Bing: Queue populated with 5 URLs'
INFO: 2023-07-25 14:28:29,925: save_locally() 'Origin URL: https://www.bing.com/search?q=Great+hornbill&form=hpcapt&filters=HpDate%3a%2220230718_0700%22'
INFO: 2023-07-25 14:28:29,925: save_locally() 'Image URL: https://www.bing.com/th?id=OHR.BucerosBicornis_EN-US0841652066_1920x1080.jpg&rf=LaDigue_1920x1080.jpg&pid=hp'
INFO: 2023-07-25 14:28:29,925: save_locally() 'Local path: /home/koen/.config/variety/Downloaded/Bing/OHR.BucerosBicornis_EN-US0841652066_1920x1080.jpg'
INFO: 2023-07-25 14:28:30,033: save_locally() 'Download complete'
INFO: 2023-07-25 14:28:30,033: update_indicator() 'Setting file info to: /home/koen/.config/variety/Downloaded/wallhaven_nature/wallhaven-y82ymk.jpg'
INFO: 2023-07-25 14:28:30,035: list_files() 'More than 1 files in the folders, stop listing'
INFO: 2023-07-25 14:28:30,035: download_one_from() 'Adding downloaded file /home/koen/.config/variety/Downloaded/Bing/OHR.BucerosBicornis_EN-US0841652066_1920x1080.jpg to unseen_downloads'
INFO: 2023-07-25 14:28:31,036: get_throttling() 'Unsplash.com: parsing serverside options'
INFO: 2023-07-25 14:28:31,036: get_throttling() 'Could not parse Unsplash.com serverside options, using defaults 10, 1'
INFO: 2023-07-25 14:28:31,037: get_throttling() 'Unsplash.com: parsing serverside options'
INFO: 2023-07-25 14:28:31,037: get_throttling() 'Could not parse Unsplash.com serverside options, using defaults 10, 1'
INFO: 2023-07-25 14:28:31,037: download_one() 'Unsplash.com: Downloading an image, config: None'
INFO: 2023-07-25 14:28:31,037: download_one() 'Unsplash.com: Queue size: 21'
INFO: 2023-07-25 14:28:31,037: download_one() 'Unsplash.com: Queue populated with 21 URLs'
INFO: 2023-07-25 14:28:31,037: save_locally() 'Origin URL: https://unsplash.com/photos/a-woman-laying-in-a-field-of-tall-grass-xjE4eg2zTG8?utm_source=Variety+Wallpaper+Changer&utm_medium=referral'
INFO: 2023-07-25 14:28:31,037: save_locally() 'Image URL: https://images.unsplash.com/photo-1687777239213-45fa97d7cf9d?crop=entropy&cs=srgb&fm=jpg&ixid=M3wxMjIxfDB8MXxyYW5kb218fHx8fHx8fHwxNjkwMjg4MDk1fA&ixlib=rb-4.0.3&q=85&w=2304'
INFO: 2023-07-25 14:28:31,037: save_locally() 'Local path: /home/koen/.config/variety/Downloaded/Unsplash/photo-1687777239213-45fa97d7cf9d.jpg'
INFO: 2023-07-25 14:28:31,202: save_locally() 'Download complete'
INFO: 2023-07-25 14:28:31,203: update_indicator() 'Setting file info to: /home/koen/.config/variety/Downloaded/wallhaven_nature/wallhaven-y82ymk.jpg'
INFO: 2023-07-25 14:28:31,204: list_files() 'More than 1 files in the folders, stop listing'
INFO: 2023-07-25 14:28:31,205: download_one_from() 'Adding downloaded file /home/koen/.config/variety/Downloaded/Unsplash/photo-1687777239213-45fa97d7cf9d.jpg to unseen_downloads'
INFO: 2023-07-25 14:28:32,205: get_throttling() 'Bing: parsing serverside options'
INFO: 2023-07-25 14:28:32,206: get_throttling() 'Could not parse Bing serverside options, using defaults None, None'
INFO: 2023-07-25 14:28:32,206: get_throttling() 'Bing: parsing serverside options'
INFO: 2023-07-25 14:28:32,206: get_throttling() 'Could not parse Bing serverside options, using defaults None, None'
INFO: 2023-07-25 14:28:32,206: download_one() 'Bing: Downloading an image, config: None'
INFO: 2023-07-25 14:28:32,206: download_one() 'Bing: Queue size: 4'
INFO: 2023-07-25 14:28:32,206: download_one() 'Bing: Queue populated with 4 URLs'
INFO: 2023-07-25 14:28:32,206: save_locally() 'Origin URL: https://www.bing.com/search?q=cousins+and+cousins+day&form=hpcapt&filters=HpDate%3a%2220230724_0700%22'
INFO: 2023-07-25 14:28:32,206: save_locally() 'Image URL: https://www.bing.com/th?id=OHR.ZebraCousins_EN-US1951215229_1920x1080.jpg&rf=LaDigue_1920x1080.jpg&pid=hp'
INFO: 2023-07-25 14:28:32,206: save_locally() 'Local path: /home/koen/.config/variety/Downloaded/Bing/OHR.ZebraCousins_EN-US1951215229_1920x1080.jpg'
INFO: 2023-07-25 14:28:32,333: save_locally() 'Download complete'
INFO: 2023-07-25 14:28:32,333: update_indicator() 'Setting file info to: /home/koen/.config/variety/Downloaded/wallhaven_nature/wallhaven-y82ymk.jpg'
INFO: 2023-07-25 14:28:32,335: list_files() 'More than 1 files in the folders, stop listing'
INFO: 2023-07-25 14:28:32,335: download_one_from() 'Adding downloaded file /home/koen/.config/variety/Downloaded/Bing/OHR.ZebraCousins_EN-US1951215229_1920x1080.jpg to unseen_downloads'
INFO: 2023-07-25 14:28:33,336: get_throttling() 'Unsplash.com: parsing serverside options'
INFO: 2023-07-25 14:28:33,337: get_throttling() 'Could not parse Unsplash.com serverside options, using defaults 10, 1'
INFO: 2023-07-25 14:28:33,337: get_throttling() 'Unsplash.com: parsing serverside options'
INFO: 2023-07-25 14:28:33,337: get_throttling() 'Could not parse Unsplash.com serverside options, using defaults 10, 1'
INFO: 2023-07-25 14:28:33,337: download_one() 'Unsplash.com: max_downloads_per_hour of 10 reached, skip this attempt'
INFO: 2023-07-25 14:28:34,294: apply() 'Applying preferences'
ERROR: 2023-07-25 14:28:34,295: get_xdg_pictures_folder() 'Could not get path to Pictures folder. Defaulting to ~/Pictures.'
Traceback (most recent call last):
  File "/usr/lib/python3.11/site-packages/variety/Util.py", line 815, in get_xdg_pictures_folder
    raise Exception("Could not get path to Pictures folder. Defaulting to ~/Pictures.")
Exception: Could not get path to Pictures folder. Defaulting to ~/Pictures.
ERROR: 2023-07-25 14:28:34,297: get_xdg_pictures_folder() 'Could not get path to Pictures folder. Defaulting to ~/Pictures.'
Traceback (most recent call last):
  File "/usr/lib/python3.11/site-packages/variety/Util.py", line 815, in get_xdg_pictures_folder
    raise Exception("Could not get path to Pictures folder. Defaulting to ~/Pictures.")
Exception: Could not get path to Pictures folder. Defaulting to ~/Pictures.
ERROR: 2023-07-25 14:28:34,298: get_xdg_pictures_folder() 'Could not get path to Pictures folder. Defaulting to ~/Pictures.'
Traceback (most recent call last):
  File "/usr/lib/python3.11/site-packages/variety/Util.py", line 815, in get_xdg_pictures_folder
    raise Exception("Could not get path to Pictures folder. Defaulting to ~/Pictures.")
Exception: Could not get path to Pictures folder. Defaulting to ~/Pictures.
ERROR: 2023-07-25 14:28:34,302: get_xdg_pictures_folder() 'Could not get path to Pictures folder. Defaulting to ~/Pictures.'
Traceback (most recent call last):
  File "/usr/lib/python3.11/site-packages/variety/Util.py", line 815, in get_xdg_pictures_folder
    raise Exception("Could not get path to Pictures folder. Defaulting to ~/Pictures.")
Exception: Could not get path to Pictures folder. Defaulting to ~/Pictures.
ERROR: 2023-07-25 14:28:34,307: get_xdg_pictures_folder() 'Could not get path to Pictures folder. Defaulting to ~/Pictures.'
Traceback (most recent call last):
  File "/usr/lib/python3.11/site-packages/variety/Util.py", line 815, in get_xdg_pictures_folder
    raise Exception("Could not get path to Pictures folder. Defaulting to ~/Pictures.")
Exception: Could not get path to Pictures folder. Defaulting to ~/Pictures.
INFO: 2023-07-25 14:28:34,310: log_options() 'Loaded options:'
INFO: 2023-07-25 14:28:34,310: log_options() 'change_enabled = False'
INFO: 2023-07-25 14:28:34,310: log_options() 'change_interval = 300'
INFO: 2023-07-25 14:28:34,310: log_options() 'change_on_start = True'
INFO: 2023-07-25 14:28:34,310: log_options() 'clipboard_enabled = False'
INFO: 2023-07-25 14:28:34,310: log_options() 'clipboard_hosts = ['wallhaven.cc', 'wallpapers.net', 'flickr.com', 'imgur.com', 'deviantart.com', 'interfacelift.com', 'vladstudio.com', 'imageshack.us', 'deviantart.net', 'imageshack.com']'
INFO: 2023-07-25 14:28:34,310: log_options() 'clipboard_use_whitelist = True'
INFO: 2023-07-25 14:28:34,310: log_options() 'clock_date_font = Serif 30'
INFO: 2023-07-25 14:28:34,310: log_options() 'clock_enabled = False'
INFO: 2023-07-25 14:28:34,310: log_options() 'clock_filter = -density 100 -font `fc-match -f '%{file[0]}' '%CLOCK_FONT_NAME'` -pointsize %CLOCK_FONT_SIZE -gravity SouthEast -fill '#00000044' -annotate 0x0+[%HOFFSET+58]+[%VOFFSET+108] '%H:%M' -fill white -annotate 0x0+[%HOFFSET+60]+[%VOFFSET+110] '%H:%M' -font `fc-match -f '%{file[0]}' '%DATE_FONT_NAME'` -pointsize %DATE_FONT_SIZE -fill '#00000044' -annotate 0x0+[%HOFFSET+58]+[%VOFFSET+58] '%A, %B %d' -fill white -annotate 0x0+[%HOFFSET+60]+[%VOFFSET+60] '%A, %B %d''
INFO: 2023-07-25 14:28:34,311: log_options() 'clock_font = Serif 70'
INFO: 2023-07-25 14:28:34,311: log_options() 'configfile = /home/koen/.config/variety/variety.conf'
INFO: 2023-07-25 14:28:34,311: log_options() 'copyto_enabled = False'
INFO: 2023-07-25 14:28:34,311: log_options() 'copyto_folder = Default'
INFO: 2023-07-25 14:28:34,311: log_options() 'desired_color = [160, 160, 160]'
INFO: 2023-07-25 14:28:34,311: log_options() 'desired_color_enabled = False'
INFO: 2023-07-25 14:28:34,311: log_options() 'download_folder = /home/koen/.config/variety/Downloaded'
INFO: 2023-07-25 14:28:34,311: log_options() 'download_preference_ratio = 0.9'
INFO: 2023-07-25 14:28:34,311: set_visible() 'Showing indicator icon'
INFO: 2023-07-25 14:28:34,311: log_options() 'favorites_folder = /home/koen/.wallpaper/favorites'
INFO: 2023-07-25 14:28:34,312: set_from_theme_icon() 'Showing indicator icon variety-indicator from GTK theme'
INFO: 2023-07-25 14:28:34,312: log_options() 'favorites_operations = [['Downloaded', 'Copy'], ['Fetched', 'Move'], ['Others', 'Copy']]'
INFO: 2023-07-25 14:28:34,312: log_options() 'fetched_folder = /home/koen/.wallpaper/favorites'
INFO: 2023-07-25 14:28:34,312: log_options() 'filters = [[False, 'Keep original', ''], [False, 'Grayscale', '-type Grayscale'], [False, 'Heavy blur', '-scale 20% -blur 0x10 -resize 500%'], [False, 'Soft blur', '-scale 20% -blur 0x2 -resize 500%'], [False, 'Oil painting', '-paint 8'], [False, 'Pointilism', '-spread 10 -noise 3'], [False, 'Pixellate', '-scale 3% -scale 3333%']]'
INFO: 2023-07-25 14:28:34,312: log_options() 'get_wallpaper_script = /home/koen/.config/variety/scripts/get_wallpaper'
INFO: 2023-07-25 14:28:34,312: log_options() 'icon = Light'
INFO: 2023-07-25 14:28:34,312: log_options() 'internet_enabled = True'
INFO: 2023-07-25 14:28:34,312: log_options() 'lightness_enabled = False'
INFO: 2023-07-25 14:28:34,312: log_options() 'lightness_mode = 0'
INFO: 2023-07-25 14:28:34,312: log_options() 'min_rating = 4'
INFO: 2023-07-25 14:28:34,312: log_options() 'min_rating_enabled = False'
INFO: 2023-07-25 14:28:34,312: log_options() 'min_size = 80'
INFO: 2023-07-25 14:28:34,312: log_options() 'min_size_enabled = False'
INFO: 2023-07-25 14:28:34,312: log_options() 'quota_enabled = True'
INFO: 2023-07-25 14:28:34,312: log_options() 'quota_size = 1000'
INFO: 2023-07-25 14:28:34,312: log_options() 'quotes_authors = '
INFO: 2023-07-25 14:28:34,312: log_options() 'quotes_bg_color = [80, 80, 80]'
INFO: 2023-07-25 14:28:34,312: log_options() 'quotes_bg_opacity = 55'
INFO: 2023-07-25 14:28:34,313: log_options() 'quotes_change_enabled = False'
INFO: 2023-07-25 14:28:34,313: log_options() 'quotes_change_interval = 300'
INFO: 2023-07-25 14:28:34,313: log_options() 'quotes_disabled_sources = ['Urban Dictionary']'
INFO: 2023-07-25 14:28:34,313: log_options() 'quotes_enabled = False'
INFO: 2023-07-25 14:28:34,313: log_options() 'quotes_favorites_file = /home/koen/.config/variety/favorite_quotes.txt'
INFO: 2023-07-25 14:28:34,313: log_options() 'quotes_font = Serif 30'
INFO: 2023-07-25 14:28:34,313: log_options() 'quotes_hpos = 100'
INFO: 2023-07-25 14:28:34,313: log_options() 'quotes_max_length = 250'
INFO: 2023-07-25 14:28:34,313: log_options() 'quotes_tags = '
INFO: 2023-07-25 14:28:34,313: log_options() 'quotes_text_color = [255, 255, 255]'
INFO: 2023-07-25 14:28:34,313: log_options() 'quotes_text_shadow = False'
INFO: 2023-07-25 14:28:34,313: log_options() 'quotes_vpos = 40'
INFO: 2023-07-25 14:28:34,313: log_options() 'quotes_width = 70'
INFO: 2023-07-25 14:28:34,313: log_options() 'safe_mode = False'
INFO: 2023-07-25 14:28:34,313: log_options() 'set_wallpaper_script = /home/koen/.config/variety/scripts/set_wallpaper'
INFO: 2023-07-25 14:28:34,313: log_options() 'slideshow_custom_enabled = False'
INFO: 2023-07-25 14:28:34,313: log_options() 'slideshow_custom_folder = /home/koen/Pictures'
INFO: 2023-07-25 14:28:34,313: log_options() 'slideshow_downloads_enabled = False'
INFO: 2023-07-25 14:28:34,313: log_options() 'slideshow_fade = 0.4'
INFO: 2023-07-25 14:28:34,313: log_options() 'slideshow_favorites_enabled = True'
INFO: 2023-07-25 14:28:34,313: log_options() 'slideshow_mode = Fullscreen'
INFO: 2023-07-25 14:28:34,313: log_options() 'slideshow_monitor = All'
INFO: 2023-07-25 14:28:34,313: log_options() 'slideshow_pan = 0.05'
INFO: 2023-07-25 14:28:34,313: log_options() 'slideshow_seconds = 6.0'
INFO: 2023-07-25 14:28:34,313: log_options() 'slideshow_sort_order = Random'
INFO: 2023-07-25 14:28:34,313: log_options() 'slideshow_sources_enabled = True'
INFO: 2023-07-25 14:28:34,313: log_options() 'slideshow_zoom = 0.2'
INFO: 2023-07-25 14:28:34,313: log_options() 'smart_enabled = False'
INFO: 2023-07-25 14:28:34,313: log_options() 'smart_notice_shown = False'
INFO: 2023-07-25 14:28:34,313: log_options() 'smart_register_shown = False'
INFO: 2023-07-25 14:28:34,313: log_options() 'sources = [[False, 'favorites', 'The Favorites folder'], [False, 'fetched', 'The Fetched folder'], [True, 'folder', '/usr/share/backgrounds'], [False, 'flickr', 'user:www.flickr.com/photos/peter-levi/;user_id:93647178@N00;'], [False, 'apod', "NASA's Astronomy Picture of the Day"], [True, 'bing', 'Bing Photo of the Day'], [False, 'earthview', 'Google Earth View Wallpapers'], [False, 'natgeo', "National Geographic's photo of the day"], [True, 'unsplash', 'High-resolution photos from Unsplash.com'], [True, 'wallhaven', 'nature']]'
INFO: 2023-07-25 14:28:34,313: log_options() 'stats_enabled = True'
INFO: 2023-07-25 14:28:34,313: log_options() 'stats_notice_shown = False'
INFO: 2023-07-25 14:28:34,313: log_options() 'sync_enabled = True'
INFO: 2023-07-25 14:28:34,314: log_options() 'use_landscape_enabled = True'
INFO: 2023-07-25 14:28:34,314: log_options() 'wallhaven_api_key = '
INFO: 2023-07-25 14:28:34,314: log_options() 'wallpaper_auto_rotate = False'
INFO: 2023-07-25 14:28:34,314: log_options() 'wallpaper_display_mode = os'
INFO: 2023-07-25 14:28:34,314: clear_prepared_queue() 'Clearing prepared queue'
INFO: 2023-07-25 14:28:34,314: update_indicator() 'Setting file info to: /home/koen/.config/variety/Downloaded/wallhaven_nature/wallhaven-y82ymk.jpg'
INFO: 2023-07-25 14:28:34,314: prepare_thread() 'Prepared buffer contains 0 images'
INFO: 2023-07-25 14:28:34,314: prepare_thread() 'Preparing some images'
INFO: 2023-07-25 14:28:34,316: list_files() 'More than 1 files in the folders, stop listing'
INFO: 2023-07-25 14:28:34,316: regular_change_thread() 'regular_change: waiting till user resumes'
INFO: 2023-07-25 14:28:34,328: prepare_thread() 'After search prepared buffer contains 55 images'
INFO: 2023-07-25 14:28:34,329: prepare_thread() 'Prepared buffer contains 55 images'
INFO: 2023-07-25 14:28:34,338: get_throttling() 'Wallhaven.cc: parsing serverside options'
INFO: 2023-07-25 14:28:34,338: get_throttling() 'Could not parse Wallhaven.cc serverside options, using defaults 360, 40'
INFO: 2023-07-25 14:28:34,338: get_throttling() 'Wallhaven.cc: parsing serverside options'
INFO: 2023-07-25 14:28:34,338: get_throttling() 'Could not parse Wallhaven.cc serverside options, using defaults 360, 40'
INFO: 2023-07-25 14:28:34,338: download_one() 'Wallhaven.cc: Downloading an image, config: nature'
INFO: 2023-07-25 14:28:34,338: download_one() 'Wallhaven.cc: Queue size: 0'
INFO: 2023-07-25 14:28:34,338: get_throttling() 'Wallhaven.cc: parsing serverside options'
INFO: 2023-07-25 14:28:34,339: get_throttling() 'Could not parse Wallhaven.cc serverside options, using defaults 360, 40'
INFO: 2023-07-25 14:28:34,339: download_one() 'Wallhaven.cc: Filling queue'
INFO: 2023-07-25 14:28:34,339: search() 'Performing wallhaven search: url=https://wallhaven.cc/api/v1/search?q=nature&categories=111&purity=100&sorting=favorites&order=desc'
INFO: 2023-07-25 14:28:34,417: do_set_wp() 'Calling do_set_wp with /home/koen/.config/variety/Downloaded/wallhaven_nature/wallhaven-y82ymk.jpg, time: 1690288114.4170506'
INFO: 2023-07-25 14:28:34,431: update_indicator() 'Setting file info to: /home/koen/.config/variety/Downloaded/wallhaven_nature/wallhaven-y82ymk.jpg'
INFO: 2023-07-25 14:28:34,434: list_files() 'More than 1 files in the folders, stop listing'
INFO: 2023-07-25 14:28:35,023: fill_queue() '89739 wallpapers in result, using page 34'
INFO: 2023-07-25 14:28:35,023: search() 'Performing wallhaven search: url=https://wallhaven.cc/api/v1/search?q=nature&categories=111&purity=100&sorting=favorites&order=desc&page=34'
INFO: 2023-07-25 14:28:35,329: server_options_thread() 'Fetching server options from http://tiny.cc/variety-options-063'
INFO: 2023-07-25 14:28:35,527: download_one() 'Wallhaven.cc: Queue populated with 12 URLs'
INFO: 2023-07-25 14:28:35,527: download_queue_item() 'Wallpaper URL: https://wallhaven.cc/w/yjok9k'
INFO: 2023-07-25 14:28:35,527: download_queue_item() 'Image src URL: https://w.wallhaven.cc/full/yj/wallhaven-yjok9k.jpg'
INFO: 2023-07-25 14:28:35,736: save_locally() 'Origin URL: https://wallhaven.cc/w/yjok9k'
INFO: 2023-07-25 14:28:35,736: save_locally() 'Image URL: https://w.wallhaven.cc/full/yj/wallhaven-yjok9k.jpg'
INFO: 2023-07-25 14:28:35,736: save_locally() 'Local path: /home/koen/.config/variety/Downloaded/wallhaven_nature/wallhaven-yjok9k.jpg'
INFO: 2023-07-25 14:28:35,966: server_options_thread() 'Fetched server options: {'flickr': {'min_fill_queue_interval': 1200, 'min_download_interval': 1200}, 'wallbase': {'min_fill_queue_interval': 1800, 'min_download_interval': 1800}, 'wallhaven': {'min_fill_queue_interval': 1800, 'min_download_interval': 1800}, 'wallpapers.net': {'min_fill_queue_interval': 601, 'min_download_interval': 0}, 'unsplash': {'min_fill_queue_interval': 20000000000, 'min_download_interval': 20000000000}, 'unsplash_v2': {'min_fill_queue_interval': 3600, 'min_download_interval': 1800}, 'status_message': {'0.0.1': '', '*': ''}}'
INFO: 2023-07-25 14:28:36,148: save_locally() 'Download complete'
INFO: 2023-07-25 14:28:36,149: update_indicator() 'Setting file info to: /home/koen/.config/variety/Downloaded/wallhaven_nature/wallhaven-y82ymk.jpg'
INFO: 2023-07-25 14:28:36,152: list_files() 'More than 1 files in the folders, stop listing'
INFO: 2023-07-25 14:28:36,153: download_one_from() 'Adding downloaded file /home/koen/.config/variety/Downloaded/wallhaven_nature/wallhaven-yjok9k.jpg to unseen_downloads'
INFO: 2023-07-25 14:28:36,329: trigger_download() 'Triggering download thread to check if download needed and possible'
INFO: 2023-07-25 14:28:36,329: trigger_download() 'Triggering download thread to check if download needed and possible'
INFO: 2023-07-25 14:28:44,558: apply() 'Applying preferences'
ERROR: 2023-07-25 14:28:44,558: get_xdg_pictures_folder() 'Could not get path to Pictures folder. Defaulting to ~/Pictures.'
Traceback (most recent call last):
  File "/usr/lib/python3.11/site-packages/variety/Util.py", line 815, in get_xdg_pictures_folder
    raise Exception("Could not get path to Pictures folder. Defaulting to ~/Pictures.")
Exception: Could not get path to Pictures folder. Defaulting to ~/Pictures.
ERROR: 2023-07-25 14:28:44,561: get_xdg_pictures_folder() 'Could not get path to Pictures folder. Defaulting to ~/Pictures.'
Traceback (most recent call last):
  File "/usr/lib/python3.11/site-packages/variety/Util.py", line 815, in get_xdg_pictures_folder
    raise Exception("Could not get path to Pictures folder. Defaulting to ~/Pictures.")
Exception: Could not get path to Pictures folder. Defaulting to ~/Pictures.
ERROR: 2023-07-25 14:28:44,563: get_xdg_pictures_folder() 'Could not get path to Pictures folder. Defaulting to ~/Pictures.'
Traceback (most recent call last):
  File "/usr/lib/python3.11/site-packages/variety/Util.py", line 815, in get_xdg_pictures_folder
    raise Exception("Could not get path to Pictures folder. Defaulting to ~/Pictures.")
Exception: Could not get path to Pictures folder. Defaulting to ~/Pictures.
ERROR: 2023-07-25 14:28:44,566: get_xdg_pictures_folder() 'Could not get path to Pictures folder. Defaulting to ~/Pictures.'
Traceback (most recent call last):
  File "/usr/lib/python3.11/site-packages/variety/Util.py", line 815, in get_xdg_pictures_folder
    raise Exception("Could not get path to Pictures folder. Defaulting to ~/Pictures.")
Exception: Could not get path to Pictures folder. Defaulting to ~/Pictures.
ERROR: 2023-07-25 14:28:44,568: get_xdg_pictures_folder() 'Could not get path to Pictures folder. Defaulting to ~/Pictures.'
Traceback (most recent call last):
  File "/usr/lib/python3.11/site-packages/variety/Util.py", line 815, in get_xdg_pictures_folder
    raise Exception("Could not get path to Pictures folder. Defaulting to ~/Pictures.")
Exception: Could not get path to Pictures folder. Defaulting to ~/Pictures.
INFO: 2023-07-25 14:28:44,569: set_visible() 'Showing indicator icon'
INFO: 2023-07-25 14:28:44,569: set_from_theme_icon() 'Showing indicator icon variety-indicator from GTK theme'
INFO: 2023-07-25 14:28:44,570: log_options() 'Loaded options:'
INFO: 2023-07-25 14:28:44,570: log_options() 'change_enabled = False'
INFO: 2023-07-25 14:28:44,570: log_options() 'change_interval = 300'
INFO: 2023-07-25 14:28:44,570: log_options() 'change_on_start = True'
INFO: 2023-07-25 14:28:44,570: log_options() 'clipboard_enabled = False'
INFO: 2023-07-25 14:28:44,570: log_options() 'clipboard_hosts = ['wallhaven.cc', 'wallpapers.net', 'flickr.com', 'imgur.com', 'deviantart.com', 'interfacelift.com', 'vladstudio.com', 'imageshack.us', 'deviantart.net', 'imageshack.com']'
INFO: 2023-07-25 14:28:44,570: log_options() 'clipboard_use_whitelist = True'
INFO: 2023-07-25 14:28:44,570: log_options() 'clock_date_font = Serif 30'
INFO: 2023-07-25 14:28:44,570: log_options() 'clock_enabled = False'
INFO: 2023-07-25 14:28:44,570: log_options() 'clock_filter = -density 100 -font `fc-match -f '%{file[0]}' '%CLOCK_FONT_NAME'` -pointsize %CLOCK_FONT_SIZE -gravity SouthEast -fill '#00000044' -annotate 0x0+[%HOFFSET+58]+[%VOFFSET+108] '%H:%M' -fill white -annotate 0x0+[%HOFFSET+60]+[%VOFFSET+110] '%H:%M' -font `fc-match -f '%{file[0]}' '%DATE_FONT_NAME'` -pointsize %DATE_FONT_SIZE -fill '#00000044' -annotate 0x0+[%HOFFSET+58]+[%VOFFSET+58] '%A, %B %d' -fill white -annotate 0x0+[%HOFFSET+60]+[%VOFFSET+60] '%A, %B %d''
INFO: 2023-07-25 14:28:44,570: log_options() 'clock_font = Serif 70'
INFO: 2023-07-25 14:28:44,570: log_options() 'configfile = /home/koen/.config/variety/variety.conf'
INFO: 2023-07-25 14:28:44,570: log_options() 'copyto_enabled = False'
INFO: 2023-07-25 14:28:44,570: log_options() 'copyto_folder = Default'
INFO: 2023-07-25 14:28:44,570: log_options() 'desired_color = [160, 160, 160]'
INFO: 2023-07-25 14:28:44,570: log_options() 'desired_color_enabled = False'
INFO: 2023-07-25 14:28:44,570: log_options() 'download_folder = /home/koen/.config/variety/Downloaded'
INFO: 2023-07-25 14:28:44,570: log_options() 'download_preference_ratio = 0.9'
INFO: 2023-07-25 14:28:44,570: log_options() 'favorites_folder = /home/koen/.wallpaper/favorites'
INFO: 2023-07-25 14:28:44,570: log_options() 'favorites_operations = [['Downloaded', 'Copy'], ['Fetched', 'Move'], ['Others', 'Copy']]'
INFO: 2023-07-25 14:28:44,570: log_options() 'fetched_folder = /home/koen/.wallpaper/favorites'
INFO: 2023-07-25 14:28:44,570: log_options() 'filters = [[False, 'Keep original', ''], [False, 'Grayscale', '-type Grayscale'], [False, 'Heavy blur', '-scale 20% -blur 0x10 -resize 500%'], [False, 'Soft blur', '-scale 20% -blur 0x2 -resize 500%'], [False, 'Oil painting', '-paint 8'], [False, 'Pointilism', '-spread 10 -noise 3'], [False, 'Pixellate', '-scale 3% -scale 3333%']]'
INFO: 2023-07-25 14:28:44,570: log_options() 'get_wallpaper_script = /home/koen/.config/variety/scripts/get_wallpaper'
INFO: 2023-07-25 14:28:44,570: log_options() 'icon = Light'
INFO: 2023-07-25 14:28:44,570: log_options() 'internet_enabled = True'
INFO: 2023-07-25 14:28:44,570: log_options() 'lightness_enabled = False'
INFO: 2023-07-25 14:28:44,570: log_options() 'lightness_mode = 0'
INFO: 2023-07-25 14:28:44,570: log_options() 'min_rating = 4'
INFO: 2023-07-25 14:28:44,570: log_options() 'min_rating_enabled = False'
INFO: 2023-07-25 14:28:44,570: log_options() 'min_size = 80'
INFO: 2023-07-25 14:28:44,570: log_options() 'min_size_enabled = False'
INFO: 2023-07-25 14:28:44,570: log_options() 'quota_enabled = True'
INFO: 2023-07-25 14:28:44,570: log_options() 'quota_size = 1000'
INFO: 2023-07-25 14:28:44,571: log_options() 'quotes_authors = '
INFO: 2023-07-25 14:28:44,571: log_options() 'quotes_bg_color = [80, 80, 80]'
INFO: 2023-07-25 14:28:44,571: log_options() 'quotes_bg_opacity = 55'
INFO: 2023-07-25 14:28:44,571: log_options() 'quotes_change_enabled = False'
INFO: 2023-07-25 14:28:44,571: log_options() 'quotes_change_interval = 300'
INFO: 2023-07-25 14:28:44,571: log_options() 'quotes_disabled_sources = ['Urban Dictionary']'
INFO: 2023-07-25 14:28:44,571: log_options() 'quotes_enabled = False'
INFO: 2023-07-25 14:28:44,571: log_options() 'quotes_favorites_file = /home/koen/.config/variety/favorite_quotes.txt'
INFO: 2023-07-25 14:28:44,571: log_options() 'quotes_font = Serif 30'
INFO: 2023-07-25 14:28:44,571: log_options() 'quotes_hpos = 100'
INFO: 2023-07-25 14:28:44,571: log_options() 'quotes_max_length = 250'
INFO: 2023-07-25 14:28:44,571: log_options() 'quotes_tags = '
INFO: 2023-07-25 14:28:44,571: log_options() 'quotes_text_color = [255, 255, 255]'
INFO: 2023-07-25 14:28:44,571: log_options() 'quotes_text_shadow = False'
INFO: 2023-07-25 14:28:44,571: log_options() 'quotes_vpos = 40'
INFO: 2023-07-25 14:28:44,571: log_options() 'quotes_width = 70'
INFO: 2023-07-25 14:28:44,571: log_options() 'safe_mode = False'
INFO: 2023-07-25 14:28:44,571: log_options() 'set_wallpaper_script = /home/koen/.config/variety/scripts/set_wallpaper'
INFO: 2023-07-25 14:28:44,571: log_options() 'slideshow_custom_enabled = False'
INFO: 2023-07-25 14:28:44,571: log_options() 'slideshow_custom_folder = /home/koen/Pictures'
INFO: 2023-07-25 14:28:44,571: log_options() 'slideshow_downloads_enabled = False'
INFO: 2023-07-25 14:28:44,571: log_options() 'slideshow_fade = 0.4'
INFO: 2023-07-25 14:28:44,571: log_options() 'slideshow_favorites_enabled = True'
INFO: 2023-07-25 14:28:44,571: log_options() 'slideshow_mode = Fullscreen'
INFO: 2023-07-25 14:28:44,571: log_options() 'slideshow_monitor = All'
INFO: 2023-07-25 14:28:44,571: log_options() 'slideshow_pan = 0.05'
INFO: 2023-07-25 14:28:44,572: log_options() 'slideshow_seconds = 6.0'
INFO: 2023-07-25 14:28:44,572: log_options() 'slideshow_sort_order = Random'
INFO: 2023-07-25 14:28:44,572: log_options() 'slideshow_sources_enabled = True'
INFO: 2023-07-25 14:28:44,572: log_options() 'slideshow_zoom = 0.2'
INFO: 2023-07-25 14:28:44,572: log_options() 'smart_enabled = False'
INFO: 2023-07-25 14:28:44,572: log_options() 'smart_notice_shown = False'
INFO: 2023-07-25 14:28:44,572: log_options() 'smart_register_shown = False'
INFO: 2023-07-25 14:28:44,572: log_options() 'sources = [[False, 'favorites', 'The Favorites folder'], [False, 'fetched', 'The Fetched folder'], [True, 'folder', '/usr/share/backgrounds'], [False, 'flickr', 'user:www.flickr.com/photos/peter-levi/;user_id:93647178@N00;'], [False, 'apod', "NASA's Astronomy Picture of the Day"], [True, 'bing', 'Bing Photo of the Day'], [False, 'earthview', 'Google Earth View Wallpapers'], [False, 'natgeo', "National Geographic's photo of the day"], [True, 'unsplash', 'High-resolution photos from Unsplash.com'], [True, 'wallhaven', 'nature'], [True, 'folder', '/home/koen/github/koenos-wallpapers']]'
INFO: 2023-07-25 14:28:44,572: log_options() 'stats_enabled = True'
INFO: 2023-07-25 14:28:44,572: log_options() 'stats_notice_shown = False'
INFO: 2023-07-25 14:28:44,572: log_options() 'sync_enabled = True'
INFO: 2023-07-25 14:28:44,572: log_options() 'use_landscape_enabled = True'
INFO: 2023-07-25 14:28:44,572: log_options() 'wallhaven_api_key = '
INFO: 2023-07-25 14:28:44,572: log_options() 'wallpaper_auto_rotate = False'
INFO: 2023-07-25 14:28:44,572: log_options() 'wallpaper_display_mode = os'
INFO: 2023-07-25 14:28:44,572: clear_prepared_queue() 'Clearing prepared queue'
INFO: 2023-07-25 14:28:44,572: update_indicator() 'Setting file info to: /home/koen/.config/variety/Downloaded/wallhaven_nature/wallhaven-y82ymk.jpg'
INFO: 2023-07-25 14:28:44,572: prepare_thread() 'Prepared buffer contains 0 images'
INFO: 2023-07-25 14:28:44,573: prepare_thread() 'Preparing some images'
INFO: 2023-07-25 14:28:44,574: list_files() 'More than 1 files in the folders, stop listing'
INFO: 2023-07-25 14:28:44,575: regular_change_thread() 'regular_change: waiting till user resumes'
WARNING: 2023-07-25 14:28:44,585: image_ok() 'Error in image_ok for file /home/koen/github/koenos-wallpapers/wallpapers/andre-benz-CR0E20Of7yU-unsplash.jpg'
INFO: 2023-07-25 14:28:44,623: prepare_thread() 'After search prepared buffer contains 99 images'
INFO: 2023-07-25 14:28:44,623: prepare_thread() 'Prepared buffer contains 99 images'
INFO: 2023-07-25 14:28:44,676: do_set_wp() 'Calling do_set_wp with /home/koen/.config/variety/Downloaded/wallhaven_nature/wallhaven-y82ymk.jpg, time: 1690288124.6761677'
INFO: 2023-07-25 14:28:44,688: update_indicator() 'Setting file info to: /home/koen/.config/variety/Downloaded/wallhaven_nature/wallhaven-y82ymk.jpg'
INFO: 2023-07-25 14:28:44,692: list_files() 'More than 1 files in the folders, stop listing'
INFO: 2023-07-25 14:28:44,760: update_indicator() 'Setting file info to: /home/koen/.config/variety/Downloaded/wallhaven_nature/wallhaven-y82ymk.jpg'
INFO: 2023-07-25 14:28:44,764: list_files() 'More than 1 files in the folders, stop listing'
INFO: 2023-07-25 14:28:46,623: trigger_download() 'Triggering download thread to check if download needed and possible'
INFO: 2023-07-25 14:28:46,623: trigger_download() 'Triggering download thread to check if download needed and possible'
INFO: 2023-07-25 14:28:47,249: update_indicator() 'Setting file info to: /home/koen/.config/variety/Downloaded/wallhaven_nature/wallhaven-y82ymk.jpg'
INFO: 2023-07-25 14:28:47,251: list_files() 'More than 1 files in the folders, stop listing'
INFO: 2023-07-25 14:28:51,073: apply() 'Applying preferences'
ERROR: 2023-07-25 14:28:51,074: get_xdg_pictures_folder() 'Could not get path to Pictures folder. Defaulting to ~/Pictures.'
Traceback (most recent call last):
  File "/usr/lib/python3.11/site-packages/variety/Util.py", line 815, in get_xdg_pictures_folder
    raise Exception("Could not get path to Pictures folder. Defaulting to ~/Pictures.")
Exception: Could not get path to Pictures folder. Defaulting to ~/Pictures.
ERROR: 2023-07-25 14:28:51,077: get_xdg_pictures_folder() 'Could not get path to Pictures folder. Defaulting to ~/Pictures.'
Traceback (most recent call last):
  File "/usr/lib/python3.11/site-packages/variety/Util.py", line 815, in get_xdg_pictures_folder
    raise Exception("Could not get path to Pictures folder. Defaulting to ~/Pictures.")
Exception: Could not get path to Pictures folder. Defaulting to ~/Pictures.
ERROR: 2023-07-25 14:28:51,078: get_xdg_pictures_folder() 'Could not get path to Pictures folder. Defaulting to ~/Pictures.'
Traceback (most recent call last):
  File "/usr/lib/python3.11/site-packages/variety/Util.py", line 815, in get_xdg_pictures_folder
    raise Exception("Could not get path to Pictures folder. Defaulting to ~/Pictures.")
Exception: Could not get path to Pictures folder. Defaulting to ~/Pictures.
ERROR: 2023-07-25 14:28:51,080: get_xdg_pictures_folder() 'Could not get path to Pictures folder. Defaulting to ~/Pictures.'
Traceback (most recent call last):
  File "/usr/lib/python3.11/site-packages/variety/Util.py", line 815, in get_xdg_pictures_folder
    raise Exception("Could not get path to Pictures folder. Defaulting to ~/Pictures.")
Exception: Could not get path to Pictures folder. Defaulting to ~/Pictures.
ERROR: 2023-07-25 14:28:51,082: get_xdg_pictures_folder() 'Could not get path to Pictures folder. Defaulting to ~/Pictures.'
Traceback (most recent call last):
  File "/usr/lib/python3.11/site-packages/variety/Util.py", line 815, in get_xdg_pictures_folder
    raise Exception("Could not get path to Pictures folder. Defaulting to ~/Pictures.")
Exception: Could not get path to Pictures folder. Defaulting to ~/Pictures.
INFO: 2023-07-25 14:28:51,082: set_visible() 'Showing indicator icon'
INFO: 2023-07-25 14:28:51,082: set_from_theme_icon() 'Showing indicator icon variety-indicator from GTK theme'
INFO: 2023-07-25 14:28:51,083: log_options() 'Loaded options:'
INFO: 2023-07-25 14:28:51,083: log_options() 'change_enabled = False'
INFO: 2023-07-25 14:28:51,083: log_options() 'change_interval = 300'
INFO: 2023-07-25 14:28:51,083: log_options() 'change_on_start = True'
INFO: 2023-07-25 14:28:51,083: log_options() 'clipboard_enabled = False'
INFO: 2023-07-25 14:28:51,083: log_options() 'clipboard_hosts = ['wallhaven.cc', 'wallpapers.net', 'flickr.com', 'imgur.com', 'deviantart.com', 'interfacelift.com', 'vladstudio.com', 'imageshack.us', 'deviantart.net', 'imageshack.com']'
INFO: 2023-07-25 14:28:51,083: log_options() 'clipboard_use_whitelist = True'
INFO: 2023-07-25 14:28:51,083: log_options() 'clock_date_font = Serif 30'
INFO: 2023-07-25 14:28:51,083: log_options() 'clock_enabled = False'
INFO: 2023-07-25 14:28:51,083: log_options() 'clock_filter = -density 100 -font `fc-match -f '%{file[0]}' '%CLOCK_FONT_NAME'` -pointsize %CLOCK_FONT_SIZE -gravity SouthEast -fill '#00000044' -annotate 0x0+[%HOFFSET+58]+[%VOFFSET+108] '%H:%M' -fill white -annotate 0x0+[%HOFFSET+60]+[%VOFFSET+110] '%H:%M' -font `fc-match -f '%{file[0]}' '%DATE_FONT_NAME'` -pointsize %DATE_FONT_SIZE -fill '#00000044' -annotate 0x0+[%HOFFSET+58]+[%VOFFSET+58] '%A, %B %d' -fill white -annotate 0x0+[%HOFFSET+60]+[%VOFFSET+60] '%A, %B %d''
INFO: 2023-07-25 14:28:51,083: log_options() 'clock_font = Serif 70'
INFO: 2023-07-25 14:28:51,083: log_options() 'configfile = /home/koen/.config/variety/variety.conf'
INFO: 2023-07-25 14:28:51,083: log_options() 'copyto_enabled = False'
INFO: 2023-07-25 14:28:51,083: log_options() 'copyto_folder = Default'
INFO: 2023-07-25 14:28:51,083: log_options() 'desired_color = [160, 160, 160]'
INFO: 2023-07-25 14:28:51,083: log_options() 'desired_color_enabled = False'
INFO: 2023-07-25 14:28:51,083: log_options() 'download_folder = /home/koen/.config/variety/Downloaded'
INFO: 2023-07-25 14:28:51,083: log_options() 'download_preference_ratio = 0.9'
INFO: 2023-07-25 14:28:51,083: log_options() 'favorites_folder = /home/koen/.wallpaper/favorites'
INFO: 2023-07-25 14:28:51,083: log_options() 'favorites_operations = [['Downloaded', 'Copy'], ['Fetched', 'Move'], ['Others', 'Copy']]'
INFO: 2023-07-25 14:28:51,083: log_options() 'fetched_folder = /home/koen/.wallpaper/favorites'
INFO: 2023-07-25 14:28:51,083: log_options() 'filters = [[False, 'Keep original', ''], [False, 'Grayscale', '-type Grayscale'], [False, 'Heavy blur', '-scale 20% -blur 0x10 -resize 500%'], [False, 'Soft blur', '-scale 20% -blur 0x2 -resize 500%'], [False, 'Oil painting', '-paint 8'], [False, 'Pointilism', '-spread 10 -noise 3'], [False, 'Pixellate', '-scale 3% -scale 3333%']]'
INFO: 2023-07-25 14:28:51,083: log_options() 'get_wallpaper_script = /home/koen/.config/variety/scripts/get_wallpaper'
INFO: 2023-07-25 14:28:51,083: log_options() 'icon = Light'
INFO: 2023-07-25 14:28:51,083: log_options() 'internet_enabled = True'
INFO: 2023-07-25 14:28:51,083: log_options() 'lightness_enabled = False'
INFO: 2023-07-25 14:28:51,083: log_options() 'lightness_mode = 0'
INFO: 2023-07-25 14:28:51,083: log_options() 'min_rating = 4'
INFO: 2023-07-25 14:28:51,083: log_options() 'min_rating_enabled = False'
INFO: 2023-07-25 14:28:51,083: log_options() 'min_size = 80'
INFO: 2023-07-25 14:28:51,083: log_options() 'min_size_enabled = False'
INFO: 2023-07-25 14:28:51,083: log_options() 'quota_enabled = True'
INFO: 2023-07-25 14:28:51,083: log_options() 'quota_size = 1000'
INFO: 2023-07-25 14:28:51,083: log_options() 'quotes_authors = '
INFO: 2023-07-25 14:28:51,083: log_options() 'quotes_bg_color = [80, 80, 80]'
INFO: 2023-07-25 14:28:51,083: log_options() 'quotes_bg_opacity = 55'
INFO: 2023-07-25 14:28:51,083: log_options() 'quotes_change_enabled = False'
INFO: 2023-07-25 14:28:51,083: log_options() 'quotes_change_interval = 300'
INFO: 2023-07-25 14:28:51,083: log_options() 'quotes_disabled_sources = ['Urban Dictionary']'
INFO: 2023-07-25 14:28:51,084: log_options() 'quotes_enabled = False'
INFO: 2023-07-25 14:28:51,084: log_options() 'quotes_favorites_file = /home/koen/.config/variety/favorite_quotes.txt'
INFO: 2023-07-25 14:28:51,084: log_options() 'quotes_font = Serif 30'
INFO: 2023-07-25 14:28:51,084: log_options() 'quotes_hpos = 100'
INFO: 2023-07-25 14:28:51,084: log_options() 'quotes_max_length = 250'
INFO: 2023-07-25 14:28:51,084: log_options() 'quotes_tags = '
INFO: 2023-07-25 14:28:51,084: log_options() 'quotes_text_color = [255, 255, 255]'
INFO: 2023-07-25 14:28:51,084: log_options() 'quotes_text_shadow = False'
INFO: 2023-07-25 14:28:51,084: log_options() 'quotes_vpos = 40'
INFO: 2023-07-25 14:28:51,084: log_options() 'quotes_width = 70'
INFO: 2023-07-25 14:28:51,084: log_options() 'safe_mode = False'
INFO: 2023-07-25 14:28:51,084: log_options() 'set_wallpaper_script = /home/koen/.config/variety/scripts/set_wallpaper'
INFO: 2023-07-25 14:28:51,084: log_options() 'slideshow_custom_enabled = False'
INFO: 2023-07-25 14:28:51,084: log_options() 'slideshow_custom_folder = /home/koen/Pictures'
INFO: 2023-07-25 14:28:51,084: log_options() 'slideshow_downloads_enabled = False'
INFO: 2023-07-25 14:28:51,084: log_options() 'slideshow_fade = 0.4'
INFO: 2023-07-25 14:28:51,084: log_options() 'slideshow_favorites_enabled = True'
INFO: 2023-07-25 14:28:51,084: log_options() 'slideshow_mode = Fullscreen'
INFO: 2023-07-25 14:28:51,084: log_options() 'slideshow_monitor = All'
INFO: 2023-07-25 14:28:51,084: log_options() 'slideshow_pan = 0.05'
INFO: 2023-07-25 14:28:51,084: log_options() 'slideshow_seconds = 6.0'
INFO: 2023-07-25 14:28:51,084: log_options() 'slideshow_sort_order = Random'
INFO: 2023-07-25 14:28:51,084: log_options() 'slideshow_sources_enabled = True'
INFO: 2023-07-25 14:28:51,084: log_options() 'slideshow_zoom = 0.2'
INFO: 2023-07-25 14:28:51,084: log_options() 'smart_enabled = False'
INFO: 2023-07-25 14:28:51,084: log_options() 'smart_notice_shown = False'
INFO: 2023-07-25 14:28:51,084: log_options() 'smart_register_shown = False'
INFO: 2023-07-25 14:28:51,084: log_options() 'sources = [[False, 'favorites', 'The Favorites folder'], [False, 'fetched', 'The Fetched folder'], [False, 'folder', '/usr/share/backgrounds'], [False, 'flickr', 'user:www.flickr.com/photos/peter-levi/;user_id:93647178@N00;'], [False, 'apod', "NASA's Astronomy Picture of the Day"], [False, 'bing', 'Bing Photo of the Day'], [False, 'earthview', 'Google Earth View Wallpapers'], [False, 'natgeo', "National Geographic's photo of the day"], [False, 'unsplash', 'High-resolution photos from Unsplash.com'], [False, 'wallhaven', 'nature'], [True, 'folder', '/home/koen/github/koenos-wallpapers']]'
INFO: 2023-07-25 14:28:51,084: log_options() 'stats_enabled = True'
INFO: 2023-07-25 14:28:51,084: log_options() 'stats_notice_shown = False'
INFO: 2023-07-25 14:28:51,084: log_options() 'sync_enabled = True'
INFO: 2023-07-25 14:28:51,084: log_options() 'use_landscape_enabled = True'
INFO: 2023-07-25 14:28:51,084: log_options() 'wallhaven_api_key = '
INFO: 2023-07-25 14:28:51,084: log_options() 'wallpaper_auto_rotate = False'
INFO: 2023-07-25 14:28:51,084: log_options() 'wallpaper_display_mode = os'
INFO: 2023-07-25 14:28:51,084: clear_prepared_queue() 'Clearing prepared queue'
INFO: 2023-07-25 14:28:51,084: update_indicator() 'Setting file info to: /home/koen/.config/variety/Downloaded/wallhaven_nature/wallhaven-y82ymk.jpg'
INFO: 2023-07-25 14:28:51,085: prepare_thread() 'Prepared buffer contains 0 images'
INFO: 2023-07-25 14:28:51,085: prepare_thread() 'Preparing some images'
INFO: 2023-07-25 14:28:51,087: list_files() 'More than 1 files in the folders, stop listing'
INFO: 2023-07-25 14:28:51,087: regular_change_thread() 'regular_change: waiting till user resumes'
WARNING: 2023-07-25 14:28:51,111: image_ok() 'Error in image_ok for file /home/koen/github/koenos-wallpapers/wallpapers/andre-benz-CR0E20Of7yU-unsplash.jpg'
INFO: 2023-07-25 14:28:51,117: prepare_thread() 'After search prepared buffer contains 99 images'
INFO: 2023-07-25 14:28:51,117: prepare_thread() 'Prepared buffer contains 99 images'
INFO: 2023-07-25 14:28:51,188: do_set_wp() 'Calling do_set_wp with /home/koen/.config/variety/Downloaded/wallhaven_nature/wallhaven-y82ymk.jpg, time: 1690288131.1880083'
INFO: 2023-07-25 14:28:51,196: update_indicator() 'Setting file info to: /home/koen/.config/variety/Downloaded/wallhaven_nature/wallhaven-y82ymk.jpg'
INFO: 2023-07-25 14:28:51,200: list_files() 'More than 1 files in the folders, stop listing'
INFO: 2023-07-25 14:28:53,117: trigger_download() 'Triggering download thread to check if download needed and possible'
INFO: 2023-07-25 14:28:53,117: trigger_download() 'Triggering download thread to check if download needed and possible'
INFO: 2023-07-25 14:28:56,605: trigger_download() 'Triggering download thread to check if download needed and possible'
INFO: 2023-07-25 14:29:00,846: set_wallpaper() 'Calling set_wallpaper with /home/koen/github/koenos-wallpapers/wallpapers/www.dmzwarez.info_Natures_ 0018.jpg'
INFO: 2023-07-25 14:29:00,846: prepare_thread() 'Prepared buffer contains 98 images'
INFO: 2023-07-25 14:29:00,846: do_set_wp() 'Calling do_set_wp with /home/koen/github/koenos-wallpapers/wallpapers/www.dmzwarez.info_Natures_ 0018.jpg, time: 1690288140.8469067'
INFO: 2023-07-25 14:29:00,854: update_indicator() 'Setting file info to: /home/koen/github/koenos-wallpapers/wallpapers/www.dmzwarez.info_Natures_ 0018.jpg'
INFO: 2023-07-25 14:29:00,855: list_files() 'More than 1 files in the folders, stop listing'
INFO: 2023-07-25 14:29:02,847: trigger_download() 'Triggering download thread to check if download needed and possible'
INFO: 2023-07-25 14:50:21,916: on_quit() 'Quitting'
